[log: 2021-07-14-20-04-52] 処理開始
[log: 2021-07-14-20-04-58] 検索キーワード:高収入
[log: 2021-07-14-20-05-12] 0件目成功 : 株式会社ビッグモーター | 業界No.1企業の安定性／面接1回／転勤なし／連休OK！
[log: 2021-07-14-20-05-12] 1件目成功 : 株式会社アキュラホーム | 大手企業の安定基盤／コロナ禍問わず、急成長中！
[log: 2021-07-14-20-05-12] 2件目成功 : 株式会社ポケットモバイル | オンオフつけた最高の働き方OK★平均年齢27歳★同期も多数活躍中
[log: 2021-07-14-20-05-12] 3件目成功 : 株式会社アイダ設計 | テレビCMでお馴染みの企業！成長が止まらないハウスメーカー！
[log: 2021-07-14-20-05-12] 4件目成功 : KUROFUNE＆PARTNERS株式会社 | ★入社1年目全員が年収500万円以上の実績 ★千葉本社募集
[log: 2021-07-14-20-05-13] 5件目成功 : UTコンストラクション株式会社 | 【東証一部上場企業グループ】7月・8月入社歓迎！
[log: 2021-07-14-20-05-13] 6件目成功 : 株式会社アミ―クス | 『トータルリペア』オーナー募集
[log: 2021-07-14-20-05-13] 7件目成功 : クルーガーグループ株式会社 | NHKパートナー企業の安定性◆自由な月9日休み◆多彩な福利厚生
[log: 2021-07-14-20-05-13] 8件目成功 : 日研トータルソーシング株式会社 | 大阪府緊急雇用対策に賛同◆未経験歓迎◆残業ほぼなし
[log: 2021-07-14-20-05-13] 9件目成功 : 株式会社ビッグモーター | ◆年収例500万円（26歳：未経験入社3年目）◆マイカー通勤可能
[log: 2021-07-14-20-05-13] 10件目成功 : KUROFUNE＆PARTNERS株式会社 | ★2020年7月 札幌NEW営業所開設★ ☆オープニングスタッフ募集☆
[log: 2021-07-14-20-05-13] 11件目成功 : JTA株式会社 | 【20代で年収1000万円超えの社員続出中！】◆土日休み◆転勤なし
[log: 2021-07-14-20-05-13] 12件目成功 : UTエイム株式会社 | 大阪府緊急雇用対策に賛同【東証1部上場グループの安定基盤】
[log: 2021-07-14-20-05-13] 13件目成功 : UTエイム株式会社 | 【東証一部上場グループ】★土日休み可能！年間休日127～190日
[log: 2021-07-14-20-05-13] 14件目成功 : サングローブ株式会社 | ★創業7期目で15,000社と直取引★年休130日/土日祝休み/残業ゼロ
[log: 2021-07-14-20-05-13] 15件目成功 : KUROFUNE＆PARTNERS株式会社 | ★入社1年目全員が未経験で年収500万円以上の実績 ★社用車支給
[log: 2021-07-14-20-05-13] 16件目成功 : 株式会社ネクシード | 賞与1回で200万円も可能！在籍する社員の100％が未経験から入社
[log: 2021-07-14-20-05-13] 17件目成功 : 株式会社Z | ☆2021年5月立ち上げ！☆スタートアップ社員絶賛募集中！
[log: 2021-07-14-20-05-14] 18件目成功 : グラハム株式会社 | ★2年で4事業・3子会社を実現！事業拡大中のベンチャー企業
[log: 2021-07-14-20-05-14] 19件目成功 : UTエイム株式会社 | 【東証一部上場グループ】★WEB面接OK／スピード入社も可能
[log: 2021-07-14-20-05-14] 20件目成功 : UTエイム株式会社 | 【東証一部上場グループ】★社宅費全額補助エリア多数あり！
[log: 2021-07-14-20-05-14] 21件目成功 : 株式会社ビッグモーター | ＼業界No.1 ◆ 全国で200名採用 ◆ 直近1年の最高年収2282万円／
[log: 2021-07-14-20-05-14] 22件目成功 : UTエイム株式会社 | 【東証一部上場グループ】★普段着での面談でOK
[log: 2021-07-14-20-05-14] 23件目成功 : メットライフ生命保険株式会社 | 【年間休日121日（2021年）／賞与年4回／土日祝休み】
[log: 2021-07-14-20-05-14] 24件目成功 : UTエイム株式会社 | 【東証一部上場グループ】オンライン面接でスムーズな転職も可能
[log: 2021-07-14-20-05-14] 25件目成功 : 株式会社ダイヤ工務店 | ■完全週休2日制 ■WEB面接OK ※大阪府緊急雇用対策に賛同
[log: 2021-07-14-20-05-14] 26件目成功 : 株式会社アイフラッグ | 土日祝休みの完全週休2日制／年間休日124日／残業月平均20h
[log: 2021-07-14-20-05-14] 27件目成功 : ライクスタッフィング株式会社 | [大阪府緊急雇用対策に賛同]★東証一部上場グループ★WEB面接1回
[log: 2021-07-14-20-05-14] 28件目成功 : 日研トータルソーシング株式会社 | 大阪府緊急雇用対策に賛同◆年休最大160日◆地域限定正社員
[log: 2021-07-14-20-05-14] 29件目成功 : 株式会社ビッグモーター | 業界No.1の実績＆安定性／転勤なし・好きな街で活躍／面接1回
[log: 2021-07-14-20-05-14] 30件目成功 : 株式会社ビッグモーター | ＼平均年収860万円 ◆ 年収2000万円超の実績あり／
[log: 2021-07-14-20-05-14] 31件目成功 : 株式会社京栄コンサルティング | 【急成長中のベンチャー企業！】年収例：720万円/25歳/入社4年目
[log: 2021-07-14-20-05-15] 32件目成功 : 日研トータルソーシング株式会社 | 大阪府緊急雇用対策に賛同◆年休最大160日◆応募⇒内定まで2週間
[log: 2021-07-14-20-05-15] 33件目成功 : 株式会社ビッグモーター | 【業界No.1】◆未経験歓迎◆全国で200名採用◆面接1回◆
[log: 2021-07-14-20-05-15] 34件目成功 : ネットシステム株式会社 | ＊プライベートも充実！　＊産育休復帰実績＆時短勤務あり♪
[log: 2021-07-14-20-05-15] 35件目成功 : 株式会社一条工務店 | 戸建注文住宅の販売棟数No.1★コロナ禍でも受注数2019年比110％
[log: 2021-07-14-20-05-15] 36件目成功 : 株式会社ダンデライン | 完全週休3日or2日制☆インセン&年4回昇給チャンス有☆月40万～可
[log: 2021-07-14-20-05-15] 37件目成功 : 株式会社PGSホーム | 【大阪府緊急雇用対策に賛同】転勤、残業、休日出勤なし！
[log: 2021-07-14-20-05-15] 38件目成功 : UTエイム株式会社 | 大阪府緊急雇用対策に賛同【東証一部上場グループ】
[log: 2021-07-14-20-05-15] 39件目成功 : ソフトバンク営業職合同募集 | 【条件満たす方全員、電話面談確約】★大阪府緊急雇用対策に賛同
[log: 2021-07-14-20-05-15] 40件目成功 : 株式会社LUXSIA | ■九電工提携業務で安心■ 新規オフィス出店予定/ポストご用意
[log: 2021-07-14-20-05-15] 41件目成功 : DSP株式会社 | 入社半年で月収100万円以上の社員多数/大阪府緊急雇用対策に賛同
[log: 2021-07-14-20-05-15] 42件目成功 : 株式会社ライジングサンセキュリティーサービス | *入社祝金3万円あり*11時出社OK*未経験者大歓迎*週休2日制！
[log: 2021-07-14-20-05-15] 43件目成功 : UTエイム株式会社 | 大阪府緊急雇用対策に賛同【東証一部上場グループ】
[log: 2021-07-14-20-05-15] 44件目成功 : 株式会社PGSホーム | 【大阪府緊急雇用対策に賛同】入社祝金最大138万！未経験活躍中
[log: 2021-07-14-20-05-15] 45件目成功 : 東京エムケイ株式会社 | 【平均年収817万円】有給取得率80％超◆男性の育休/時短勤務実績
[log: 2021-07-14-20-05-16] 46件目成功 : 洛陽交運株式会社 | ヤサカグループ／月額17,000円～即入寮できる社宅あり！
[log: 2021-07-14-20-05-16] 47件目成功 : 株式会社PGSホーム | 大阪府緊急雇用対策に賛同★月給40万円スタート！残業＆転勤ナシ
[log: 2021-07-14-20-05-16] 48件目成功 : 株式会社アイエスエフネット | 【大阪府緊急雇用対策に賛同】★インセンMAX60％/69％が毎年昇給
[log: 2021-07-14-20-05-29] 49件目成功 : 株式会社ニチリョク | JASDAQ上場企業◆完全週休2日制◆原則定時退社◆退職金制度あり
[log: 2021-07-14-20-05-30] 50件目成功 : UTエイム株式会社 | 【東証一部上場グループ】★WEB面接OK／今月入社も可能
[log: 2021-07-14-20-05-30] 51件目成功 : 株式会社ライジングサンセキュリティーサービス | 【★未経験歓迎★入社祝金3万円あり】★面接1回
[log: 2021-07-14-20-05-30] 52件目成功 : DSP株式会社 | <大阪府緊急雇用対策に賛同>【完全週休2日】【産休育休実績有】
[log: 2021-07-14-20-05-30] 53件目成功 : UTエイム株式会社 | UTグループ株式会社(東証1部上場)のグループ企業★年休最大190日
[log: 2021-07-14-20-05-30] 54件目成功 : 株式会社アイネスト | #夏季休暇9連休＆年末年始休暇17連休 #有給取得率100%
[log: 2021-07-14-20-05-30] 55件目成功 : 株式会社パイプマン | 【大手住宅メーカーと取引で安定性抜群】◆20～30代活躍中！
[log: 2021-07-14-20-05-30] 56件目成功 : 株式会社アイエスエフネット | 【大阪府緊急雇用対策に賛同】★在宅勤務OK★年間休日126日
[log: 2021-07-14-20-05-30] 57件目成功 : 株式会社E.G.T | ＼コロナ禍でも順調拡大中／◆年間休日120日以上！ノルマなし
[log: 2021-07-14-20-05-31] 58件目成功 : UTエイム株式会社 | 【東証1部上場グループの安定基盤】条件重視の方はぜひ！
[log: 2021-07-14-20-05-31] 59件目成功 : 日本キャリアグループ株式会社 | ★Web面接OK★ 完全週休2日制/年休120日以上/残業月平均20H以内
[log: 2021-07-14-20-05-31] 60件目成功 : 株式会社ビッグモーター | 業界No.1◆インセンあり／年収800万円以上可能／残業少なめ
[log: 2021-07-14-20-05-31] 61件目成功 : 株式会社ライジングサンセキュリティーサービス | ☆★新規事業拡大につき50名大募集★☆出張面接も行っています！
[log: 2021-07-14-20-05-31] 62件目成功 : UTエイム株式会社 | 【東証一部上場グループ】★知識ゼロ、スキルゼロでも問題なし！
[log: 2021-07-14-20-05-31] 63件目成功 : ジャパニアス株式会社 | ◇日本ディープラーニング協会加盟◇時間外100％支給◇転勤なし
[log: 2021-07-14-20-05-31] 64件目成功 : 株式会社TCG | 【前職給与保証！働く時間は12～18時の6時間！】
[log: 2021-07-14-20-05-31] 65件目成功 : 日研トータルソーシング株式会社 | 大阪府緊急雇用対策に賛同　――◆年休最大160日◆残業ほぼなし
[log: 2021-07-14-20-05-31] 66件目成功 : 株式会社アサンテ | <東証一部上場>★創業50年&国内売上No.1の安定基盤★未経験OK
[log: 2021-07-14-20-05-32] 67件目成功 : 株式会社エンパワー | ◆買取専門店「大吉」◆ 4年連続「ベストベンチャー100」選出！
[log: 2021-07-14-20-05-32] 68件目成功 : 株式会社そら | 【Dr.ストレッチを全国展開】目標や夢に向けて頑張る仲間が集結
[log: 2021-07-14-20-05-32] 69件目成功 : 株式会社駅前不動産 | 店長の平均年収は550万円以上！コロナ禍でも減給など一切ナシ◎
[log: 2021-07-14-20-05-32] 70件目成功 : 株式会社アイエスエフネット | 【大阪府緊急雇用対策に賛同】★インセンMAX60％★残業ほぼナシ
[log: 2021-07-14-20-05-32] 71件目成功 : 株式会社東京都心ハウジング | *コロナ禍でも安定成長中の不動産総合企業*女性活躍中*面接1回！
[log: 2021-07-14-20-05-32] 72件目成功 : ソフトバンク営業職合同募集 | 【条件満たす方全員、電話面談確約】★大阪府緊急雇用対策に賛同
[log: 2021-07-14-20-05-32] 73件目成功 : UTエイム株式会社 | 大阪府緊急雇用対策に賛同【東証一部上場グループ】★安定基盤
[log: 2021-07-14-20-05-32] 74件目成功 : エーアイアールグループ合同募集 | ★中途採用者活躍中 ★平均年齢29歳 ★残業少なめ ★研修充実
[log: 2021-07-14-20-05-33] 75件目成功 : UTコンストラクション株式会社 | <東証一部上場グループ>家電家具付き社宅＋6割補助＋引越費支給
[log: 2021-07-14-20-05-33] 76件目成功 : UTエイム株式会社 | 大阪府緊急雇用対策に賛同【東証一部上場グループ】★WEB面接OK
[log: 2021-07-14-20-05-33] 77件目成功 : 株式会社ビッグモーター | 月給23万9800円～/月8～10日休/土日休OK/賞与年2回/残業ほぼなし
[log: 2021-07-14-20-05-33] 78件目成功 : DSP株式会社 | 初年度年収450万円以上可/産休育休有/大阪府緊急雇用対策に賛同
[log: 2021-07-14-20-05-33] 79件目成功 : 株式会社ビッグモーター | 業界No.1◆月給23万9800円～☆残業ほぼなし☆面接1回
[log: 2021-07-14-20-05-33] 80件目成功 : ケイアイスター不動産株式会社 | 【東証一部上場】CM放映中！昨年も30店舗規模で拡大中の安定企業
[log: 2021-07-14-20-05-33] 81件目成功 : インターギアソリューション株式会社 | 【業界トップクラスの売上規模/メンバー数】★応募の秘密は厳守
[log: 2021-07-14-20-05-34] 82件目成功 : 株式会社ワールドコーポレーション | 大阪府緊急雇用対策に賛同
[log: 2021-07-14-20-05-34] 83件目成功 : UTエイム株式会社 | 【超スピード選考】最短当日面談＆当日採用(規定有)！
[log: 2021-07-14-20-05-34] 84件目成功 : 東建コーポレーション株式会社 | ＼若手限定求人／ 20代で年収100万円以上UPの先輩多数！
[log: 2021-07-14-20-05-34] 85件目成功 : 株式会社アール・エム | web事業部の現在：部長6名・課長22名！大阪府緊急雇用対策に賛同
[log: 2021-07-14-20-05-34] 86件目成功 : 東建コーポレーション株式会社 | WEB面接実施！『 年齢に関係なく、まだまだやれる会社です！』
[log: 2021-07-14-20-05-34] 87件目成功 : ソフトバンク営業職合同募集 | 【条件満たす方全員、電話面談確約】★大阪府緊急雇用対策に賛同
[log: 2021-07-14-20-05-34] 88件目成功 : 株式会社ワールドコーポレーション | 安定基盤・難しい仕事はありません！
[log: 2021-07-14-20-05-34] 89件目成功 : UTエイム株式会社 | 大阪府緊急雇用対策に賛同【東証一部上場グループ】★WEB面接OK
[log: 2021-07-14-20-05-34] 90件目成功 : 株式会社ワールドコーポレーション
[log: 2021-07-14-20-05-35] 91件目成功 : 東建コーポレーション株式会社 | ◎WEB面接実施中　◎全国採用実施中（自宅近くの拠点を考慮）
[log: 2021-07-14-20-05-35] 92件目成功 : インターギアソリューション株式会社 | 【業界トップクラスの売上規模/メンバー数】★応募の秘密は厳守
[log: 2021-07-14-20-05-35] 93件目成功 : 大同生命保険株式会社 | ★業界経験一切不問 ★有給取得実績多数 ★転勤なし ★土日休み
[log: 2021-07-14-20-05-35] 94件目成功 : 株式会社ＫＯＧＡＯ | ★芸能人も多数来店 ★メディアで話題のSpeed小顔
[log: 2021-07-14-20-05-35] 95件目成功 : 株式会社ONE | #ボーナス年間250万円の実績あり
[log: 2021-07-14-20-05-35] 96件目成功 : 株式会社貴順 | ★未経験歓迎★初期費用0円★週払い・日払い制度有★男女活躍中
[log: 2021-07-14-20-05-35] 97件目成功 : i-CREW株式会社 | 【入社2年目以降に年収800万超も可能】即日内定もOK！
[log: 2021-07-14-20-05-35] 98件目成功 : 積水ハウス不動産関西株式会社 | 東証一部上場"積水ハウス"グループ【大阪府緊急雇用対策に賛同】
[log: 2021-07-14-20-05-42] 99件目成功 : テレック株式会社 | 土日祝休みOK／産・育休完備／入社2年目で月給34万円も可能
[log: 2021-07-14-20-05-42] 100件目成功 : 株式会社フレックス | 八尾,東大阪,大東限定募集/創業約60年/大阪府緊急雇用対策に賛同
[log: 2021-07-14-20-05-42] 101件目成功 : 株式会社インディペンデントインキュベータ | 全国10拠点展開／育成前提の採用／土日祝休み／賞与年3回支給
[log: 2021-07-14-20-05-42] 102件目成功 : 株式会社アースインフィニティ | 【大阪府緊急雇用対策に賛同】エネルギー事業を展開する成長企業
[log: 2021-07-14-20-05-42] 103件目成功 : 神明株式会社 | 創業68年☆残業月平均20h以下☆賞与年2回☆有給取得しやすい社風
[log: 2021-07-14-20-05-42] 104件目成功 : 株式会社ネオキャリア | 業界トップクラス◆土日祝休み◆30万円以上＋インセンティブ
[log: 2021-07-14-20-05-42] 105件目成功 : 株式会社ガリレオコーポレーション | 完全週休2日制！お休みもシッカリとれる環境です！
[log: 2021-07-14-20-05-42] 106件目成功 : 株式会社PENTAGON | 月給27万円＆賞与年3回／スピード昇格◎／新日本住設グループ
[log: 2021-07-14-20-05-42] 107件目成功 : 株式会社エストゥルース | 【当社の実話】土日祝休み/残業ゼロ/未経験入社でも年収1200万円
[log: 2021-07-14-20-05-43] 108件目成功 : 株式会社ARIKI | 月給27万円＆賞与年3回／スピード昇格◎／新日本住設グループ
[log: 2021-07-14-20-05-43] 109件目成功 : 株式会社建築資料研究社 | 資格系スクール「日建学院」を運営【大阪府緊急雇用対策に賛同】
[log: 2021-07-14-20-05-43] 110件目成功 : 株式会社PENTAGON | 月給27万円＆賞与年3回／スピード昇格◎／新日本住設グループ
[log: 2021-07-14-20-05-43] 111件目成功 : 株式会社ARIKI | 月給27万円＆賞与年3回／スピード昇格◎／新日本住設グループ
[log: 2021-07-14-20-05-43] 112件目成功 : 株式会社ARIKI | 月給27万円＆賞与年3回／スピード昇格◎／新日本住設グループ
[log: 2021-07-14-20-05-43] 113件目成功 : 株式会社EIDAIホールディングス | 【総合不動産プロデュース企業】年間休日122日／賞与連続支給中
[log: 2021-07-14-20-05-43] 114件目成功 : 株式会社ゴールドファステート | 【高収入を目指せる職場】※大阪府緊急雇用対策に賛同
[log: 2021-07-14-20-05-43] 115件目成功 : 株式会社ワールドコンストラクション | 東証一部上場ワールドホールディングス・グループ
[log: 2021-07-14-20-05-43] 116件目成功 : 株式会社砂建 | 【月給22万円以上！完全週休2日制（土日）の働き方も選べます】
[log: 2021-07-14-20-05-43] 117件目成功 : メットライフ生命保険株式会社 | 【大阪府緊急雇用対策に賛同】◆賞与年4回／完全週休2日制(土日)
[log: 2021-07-14-20-05-43] 118件目成功 : ミライズライフ株式会社 | 5年で“売上100億”と“従業員60名”が目標◆年収1000万は通過点
[log: 2021-07-14-20-05-44] 119件目成功 : 株式会社FEC | ＼ 8月立ち上げの拠点あり！／★原則定時退社★年間休日120日
[log: 2021-07-14-20-05-44] 120件目成功 : 株式会社エネクスコンサルティング | 【 ENEX Holding Co. 】土日祝休みの完全週休2日制 ※若手活躍中
[log: 2021-07-14-20-05-44] 121件目成功 : 株式会社マーキュリー | 借地・底地のリーディングカンパニー◆年3回×7~10日の連休あり
[log: 2021-07-14-20-05-44] 122件目成功 : クリーンデバイス・テクノロジー株式会社
[log: 2021-07-14-20-05-44] 123件目成功 : HITOWAライフパートナー株式会社 | 全国募集★売上昨対超え！自宅開業OK★転勤なし◎未経験歓迎！
[log: 2021-07-14-20-05-44] 124件目成功 : 九鉄工業株式会社 | 年収例）35歳:年収630万円 40歳:年収710万円 ■高収入も目指せる
[log: 2021-07-14-20-05-44] 125件目成功 : 株式会社成和工業 | #大阪府緊急雇用対策に賛同#年休120日#完全週休2日(土日祝休み)
[log: 2021-07-14-20-05-44] 126件目成功 : 株式会社翔陽 | 安定事業で高収入が目指せる♪入社1年目で月収70万円の社員も！
[log: 2021-07-14-20-05-44] 127件目成功 : 丸原水沢製茶株式会社 | 《 四日市市水沢で楽しむお茶づくり♪ 》◆夜勤なし ◆土日休み
[log: 2021-07-14-20-05-44] 128件目成功 : 株式会社レプラスワールド | ※大阪府緊急雇用対策に賛同※成約率50％超！優良物件のみ！！
[log: 2021-07-14-20-05-44] 129件目成功 : 株式会社UPSTART | 設立3年で5名から120名に！営業アウトソーシング急成長企業！
[log: 2021-07-14-20-05-44] 130件目成功 : 有限会社竹内工業 | 岡山密着！高い技術力が自慢のエキスパート集団
[log: 2021-07-14-20-05-44] 131件目成功 : 九鉄工業株式会社 | 年収例）30歳:年収550万円 35歳:年収640万円 40歳:年収700万円
[log: 2021-07-14-20-05-45] 132件目成功 : 株式会社オリエンタル | ★初年度年収1000万円も目指せる！スピーディーな昇格あり！
[log: 2021-07-14-20-05-45] 133件目成功 : 株式会社チェンジ | 今期も業績好調◎グループ連結で20期連続増収増益を更新中！
[log: 2021-07-14-20-05-45] 134件目成功 : 朝日ソーラー株式会社 | 【大阪府緊急雇用対策に賛同】完全週休2日制導入で働きやすさUP
[log: 2021-07-14-20-05-45] 135件目成功 : 株式会社HIPOWER　 | 年休120日超/残業20h程度/臨時ボーナス平均月8~15万円/昇給年4回
[log: 2021-07-14-20-05-45] 136件目成功 : 株式会社アローペイント | 残業ほぼなし◆転勤なし◆自由な社風◆安定成長企業で活躍
[log: 2021-07-14-20-05-45] 137件目成功 : 株式会社あきんどスシロー | 東証一部上場グループ／引越費用全額負担＆社員寮有・賞与年2回
[log: 2021-07-14-20-05-45] 138件目成功 : 株式会社KSEシステムクリエイト | 年休128日*土日休み*残業少*WEB面接1回！*20～30代活躍中！
[log: 2021-07-14-20-05-45] 139件目成功 : 株式会社プラウドリンク | 【プラウドグループ】*経験を正当評価した給与を提示*年休125日
[log: 2021-07-14-20-05-46] 140件目成功 : 株式会社吉安建設 | ＜ 大正5年創業 ＞ 熊本のまちづくりと発展を支えてきた実績
[log: 2021-07-14-20-05-46] 141件目成功 : クラウンコンサルティング株式会社 | ビジネスマッチングサイト『ビジェント』を運営する急成長企業！
[log: 2021-07-14-20-05-46] 142件目成功 : 株式会社クリエイティブバンク | 東証一部上場企業グループ会社◆平均年齢37歳◆在宅勤務実施中
[log: 2021-07-14-20-05-46] 143件目成功 : 株式会社ジャパンネット | 《 14期連続増収増益！》コロナ渦の影響をうけることなく躍進中
[log: 2021-07-14-20-05-46] 144件目成功 : 株式会社ガーヴェラ | ◆月給27万スタート！◆高率歩合給◆不動産経験者優遇
[log: 2021-07-14-20-05-46] 145件目成功 : 株式会社リグラス | 【設立4年で売上50億達成の成長企業】営業職の平均年収1000万円
[log: 2021-07-14-20-05-46] 146件目成功 : 株式会社坂本電気設備 | ★ライフワークによる選べる働き方★｜大阪府緊急雇用対策に賛同
[log: 2021-07-14-20-05-46] 147件目成功 : ロイヤルハウジング株式会社 | 【創業47年／ロイヤルグループ】昨対比売上150％以上！
[log: 2021-07-14-20-05-47] 148件目成功 : エフエルシープレミアム株式会社 | 【大阪府緊急雇用対策に賛同】東証二部上場企業のグループ！
[log: 2021-07-14-20-05-53] 149件目成功 : BSCモーゲージバンク株式会社 | 【ARUHIのフランチャイズとして圧倒的なシェア！】★完全週休2日
[log: 2021-07-14-20-05-54] 150件目成功 : UTエイム株式会社 | 大阪府緊急雇用対策に賛同【東証一部上場グループ】★WEB面接OK
[log: 2021-07-14-20-05-54] 151件目成功 : 株式会社イマス | ★賞与年2回＋特別賞与★土日休★7月3日マイナビ転職フェア出展
[log: 2021-07-14-20-05-54] 152件目成功 : 株式会社ケイディアイ | 【東証一部上場のナックグループ】完休2日制・働きやすさ抜群
[log: 2021-07-14-20-05-54] 153件目成功 : 日研トータルソーシング株式会社 | 【大阪府緊急雇用対策に賛同】応募から1～2週間でスピード内定可
[log: 2021-07-14-20-05-54] 154件目成功 : UTコンストラクション株式会社 | 東証一部上場グループ★大手グループの安定基盤★土日祝休み
[log: 2021-07-14-20-05-54] 155件目成功 : 株式会社ジャパンエコテクニカルズ | 完全週休2日制｜年休110日以上｜有給承認率100％｜残業少なめ
[log: 2021-07-14-20-05-54] 156件目成功 : 日研トータルソーシング株式会社 | 【大阪府緊急雇用対策に賛同】★オンライン説明会開催中！
[log: 2021-07-14-20-05-55] 157件目成功 : 株式会社エー・エス・エル | 《東証一部上場企業グループ》コロナ禍でも過去最高益レベル！
[log: 2021-07-14-20-05-55] 158件目成功 : 株式会社オープンハウス | 東証一部上場◆20代の管理職率76％◆年4回昇給&昇格のチャンス有
[log: 2021-07-14-20-05-55] 159件目成功 : 株式会社エージェントゲート | Web面談実施中★年間休日130日★Python／Java／Rubyなど案件多数
[log: 2021-07-14-20-05-55] 160件目成功 : UTエイム株式会社 | 大阪府緊急雇用対策に賛同【東証1部上場グループ】
[log: 2021-07-14-20-05-55] 161件目成功 : 株式会社九州エネコ | 《年収例／3年目 880万円／3年目 738万円／6年目 1421万円》
[log: 2021-07-14-20-05-55] 162件目成功 : 株式会社インターレイズ | 脱毛サロン「STLASSH(ストラッシュ)」就職したい脱毛サロンNo.1*
[log: 2021-07-14-20-05-55] 163件目成功 : 株式会社エージェントゲート | ★有給取得率100％★産休育休取得＆復帰率100％★定着率90％超★
[log: 2021-07-14-20-05-55] 164件目成功 : 株式会社エフティグループ | 東証JASDAQ上場総合商社★20代多数活躍中★年休120日★転勤なし
[log: 2021-07-14-20-05-56] 165件目成功 : UTエイム株式会社 | 【超スピード選考】最短当日面接＆当日採用(規定有)！
[log: 2021-07-14-20-05-56] 166件目成功 : イノス株式会社 | 実務未経験でも高収入が狙える！★賞与年3回／残業ほぼなし
[log: 2021-07-14-20-05-56] 167件目成功 : 株式会社エージェントゲート | 定着率94%★全員Web面談実施中★年間休日130日
[log: 2021-07-14-20-05-56] 168件目成功 : 大和総合住設株式会社 | 賞与年4回支給！正当な評価制度アリ★月収200万円も目指せます
[log: 2021-07-14-20-05-56] 169件目成功 : UTエイム株式会社 | 大阪府緊急雇用対策に賛同【東証1部上場グループ】
[log: 2021-07-14-20-05-56] 170件目成功 : クオリア・コンサルティング株式会社 | ★有休消化率100％★賞与年4回★男性社員の育児休暇取得実績あり
[log: 2021-07-14-20-05-56] 171件目成功 : 大和総合住設株式会社 | ★賞与年4回支給★ 月収200万円以上も目指せます！
[log: 2021-07-14-20-05-56] 172件目成功 : NITOH株式会社 | ★未経験で年収1000万円可能 ★成約1件でインセン50～80万円獲得
[log: 2021-07-14-20-05-57] 173件目成功 : 株式会社阿部技建 | ＜独自工法が強み！＞★転勤なし ★未経験歓迎 ★土日祝休み
[log: 2021-07-14-20-05-57] 174件目成功 : 株式会社アーキ・ジャパン | 平均月収53万円(施工管理・技術職)【大阪府緊急雇用対策に賛同】
[log: 2021-07-14-20-05-57] 175件目成功 : 住友不動産株式会社 | 【東証一部上場】★全領域で業界トップクラス！平均年収710万円
[log: 2021-07-14-20-05-57] 176件目成功 : 株式会社リンカッド | 月給42万以上＋前給保証★全国各地で採用★テレワーク100％
[log: 2021-07-14-20-05-57] 177件目成功 : 住友不動産株式会社 | 【東証一部上場】★転勤なし★5人に1人が年収1,000 万円の実績！
[log: 2021-07-14-20-05-57] 178件目成功 : 株式会社エスティーエープラス
[log: 2021-07-14-20-05-57] 179件目成功 : 株式会社ジーアフター | 輸入車・国産車の買取、販売◇売上前年比130%成長で不況知らず！
[log: 2021-07-14-20-05-57] 180件目成功 : 株式会社ネクジット | 賞与1回240万円実績/年収1000万円も可/大阪府緊急雇用対策に賛同
[log: 2021-07-14-20-05-58] 181件目成功 : 株式会社ミュゼプラチナム | ★週休3日もOK★コスメ社割／全身美容脱毛0円★WEB面接1回
[log: 2021-07-14-20-05-58] 182件目成功 : 株式会社プレシャスパートナーズ | 福岡支社｜成長を続ける人材ベンチャー/年休125日/業界未経験OK
[log: 2021-07-14-20-05-58] 183件目成功 : 株式会社Agnostri | 未経験者歓迎／高インセンティブあり／年休125日／土日祝休み
[log: 2021-07-14-20-05-58] 184件目成功 : 小金井不動産株式会社 | LIXIL不動産ショップNo.1！全加盟店480社中優秀成績者41名輩出
[log: 2021-07-14-20-05-58] 185件目成功 : 株式会社アイビーアイ | ★主要都市に拠点展開中！ ★残業1h以下で年収1000万円も可能！
[log: 2021-07-14-20-05-58] 186件目成功 : アートバンライン株式会社 | 大手企業と多数取引で業績好調★月8～9日休み★土日休みも可
[log: 2021-07-14-20-05-58] 187件目成功 : 農業生産法人わかば農園株式会社 | 自社農園も保有★大手スーパー等に並ぶカット野菜を加工・販売
[log: 2021-07-14-20-05-58] 188件目成功 : アートバンライン株式会社 | 大手企業と多数取引で業績好調★売上295億円を誇る安定企業
[log: 2021-07-14-20-05-59] 189件目成功 : 株式会社ライジングサンセキュリティーサービス | ★面接保証！20～60代活躍中★未経験大歓迎★面接1回で内定
[log: 2021-07-14-20-05-59] 190件目成功 : アートバンライン株式会社 | 大手企業と多数取引で業績好調★月8～9日休み土日休みも可
[log: 2021-07-14-20-05-59] 191件目成功 : 大東建託株式会社 | 【東証一部上場】◆全国募集◆残業代1分単位支給◆Web説明会実施
[log: 2021-07-14-20-05-59] 192件目成功 : 株式会社ビッグモーター | ★年収800万円も目指せる★月8～10日休み★面接1回
[log: 2021-07-14-20-05-59] 193件目成功 : 東京エムケイ株式会社 | 《未経験でも研修3ヶ月計100万円の保証給》★有給取得率80％超
[log: 2021-07-14-20-05-59] 194件目成功 : メットライフ生命保険株式会社 | 未経験から金融のプロへ│土日祝休│賞与年4回(個人業績による)
[log: 2021-07-14-20-05-59] 195件目成功 : 有限会社エフォール | ≪全員面接＊働き方選べます≫初期費用0円★年齢不問
[log: 2021-07-14-20-05-59] 196件目成功 : 株式会社あおぞら不動産管理 | 年収1000万円以上も可能！土日祝休み！年休126日！業績好調！
[log: 2021-07-14-20-06-00] 197件目成功 : 有限会社高美電気工事 | #大阪府緊急雇用対策に賛同 #整った労務環境 #平均月収40万円～
[log: 2021-07-14-20-06-00] 198件目成功 : 新エネルギー計画株式会社 | ◆残業ほぼゼロ ◆完全週休2日制 ◆実働7H【入社祝金10万円】
[log: 2021-07-14-20-06-06] 199件目成功 : 株式会社あったかハウスナビ | #大阪府緊急雇用対策に賛同#高いインセンティブ還元率が魅力
[log: 2021-07-14-20-06-06] 200件目成功 : 株式会社グローバル・アーキテクト | ★完休2日制★20～30代活躍中★高額インセンGETのチャンスも！
[log: 2021-07-14-20-06-07] 201件目成功 : 株式会社センス | ★未経験からでも年収1000万円超の先輩が活躍中★100％面接保証
[log: 2021-07-14-20-06-07] 202件目成功 : 小金井不動産株式会社 | LIXIL不動産ショップNo.1！全加盟店480社中優秀成績者41名輩出
[log: 2021-07-14-20-06-07] 203件目成功 : 京成不動産株式会社 | 京成電鉄グループ企業/完全週休2日制/残業月10h以内
[log: 2021-07-14-20-06-07] 204件目成功 : ジャパニアス株式会社 | 最先端はココに◇日本ディープラーニング協会加盟◇残業月20H程
[log: 2021-07-14-20-06-07] 205件目成功 : 株式会社アドシード | 設立以来、毎年黒字経営で成長中！☆年休120日以上★リモート可
[log: 2021-07-14-20-06-07] 206件目成功 : 第一生命保険株式会社 | ◆「プラチナくるみん」認定企業 ◆福利厚生充実 ◆賞与年2回
[log: 2021-07-14-20-06-07] 207件目成功 : 株式会社ネオキャリア | どこよりも最短で管理職になれる環境がここに／平均年齢26歳
[log: 2021-07-14-20-06-07] 208件目成功 : 有限会社興和土建 | ★残業少なめ ★資格取得支援制度充実 ★多摩エリアに密着◎
[log: 2021-07-14-20-06-08] 209件目成功 : 泉北ホーム株式会社 | コロナ禍でも業績好調&過去最高実績！入社3ヶ月は月給30～35万円
[log: 2021-07-14-20-06-08] 210件目成功 : 株式会社ハマエンジニアリング | 賞与年3回支給★20代で年収450万円超えも可能／web面接実施中
[log: 2021-07-14-20-06-08] 211件目成功 : 株式会社マツイコーポレーション | 【未経験でも月給25万円以上！】大阪府緊急雇用対策に賛同
[log: 2021-07-14-20-06-08] 212件目成功 : 株式会社日商エステム | 20代で年収1000万円超が多数／夏・冬で14連休程度の長期休暇あり
[log: 2021-07-14-20-06-08] 213件目成功 : 株式会社早稲田学習研究会 | Ｗ早稲田ゼミ★Web面接導入(スマホもOK)【賞与実績60～400万円】
[log: 2021-07-14-20-06-08] 214件目成功 : 株式会社ドリームホーム | 京都屈指の業績・創業12年目でグループ売上高170億円！
[log: 2021-07-14-20-06-08] 215件目成功 : 株式会社IIJプロテック | 昨年賞与実績年3.3ヶ月分／IT知識不問／提案先は学校や公共施設
[log: 2021-07-14-20-06-09] 216件目成功 : 株式会社FMC | 自分の時間を大切にしたい方へ。【応募者全員面接】します！
[log: 2021-07-14-20-06-09] 217件目成功 : 株式会社手なおし屋 | ◆年間休日120日以上◆平均月収40万円～50万円◆基本定時退社
[log: 2021-07-14-20-06-09] 218件目成功 : 株式会社 High mind | menuトップパートナー★大人気Youtuberなどが絶賛PR中
[log: 2021-07-14-20-06-09] 219件目成功 : 新日本ハウス株式会社 | 好調のリフォーム業界／吉幾三さんのCMで有名の好感度抜群企業
[log: 2021-07-14-20-06-09] 220件目成功 : 株式会社要 | ＜ゲームやアプリ開発、インフラ構築など案件豊富＞※経験者歓迎
[log: 2021-07-14-20-06-09] 221件目成功 : エムケイ株式会社 | 【大阪府緊急雇用対策に賛同】★社員寮完備 ★40～50代が活躍中
[log: 2021-07-14-20-06-09] 222件目成功 : 環境ステーション株式会社 | ◆土日祝休み　◆充実の研修制度　◆社宅あり　◆CM放映中！
[log: 2021-07-14-20-06-09] 223件目成功 : 株式会社栄商 | 【U・Iターン歓迎】引越し費用会社負担 & 住宅費用補助あり
[log: 2021-07-14-20-06-09] 224件目成功 : 株式会社comam | K-1武尊選手の公式スポンサー | 前年度比200％で成長中
[log: 2021-07-14-20-06-10] 225件目成功 : 株式会社岸田 | 宮崎県内外で案件増加中 ／ 東京・大阪など”全国”を舞台に活躍
[log: 2021-07-14-20-06-10] 226件目成功 : 株式会社NEXER | コロナ禍でも安定成長！新規事業所の、立ち上げメンバーも募集！
[log: 2021-07-14-20-06-10] 227件目成功 : 株式会社いーふらん | 高級宝飾時計商おたからや
[log: 2021-07-14-20-06-10] 228件目成功 : 株式会社東黎トラスト | 大阪府緊急雇用対策に賛同／完全週休2日制／年間休日休暇120日
[log: 2021-07-14-20-06-10] 229件目成功 : 株式会社グッドワークコミュニケーションズ | 多角的な事業展開で急成長！★☆20～30代大活躍中！☆★
[log: 2021-07-14-20-06-10] 230件目成功 : エスリード株式会社 | 【東証一部上場企業】業界トップクラスのマンションデベロッパー
[log: 2021-07-14-20-06-10] 231件目成功 : 株式会社いーふらん | 高級宝飾時計商おたからや
[log: 2021-07-14-20-06-11] 232件目成功 : 株式会社ビジョン | 異業種出身の先輩も活躍中！飲食/ホテル/不動産/教育/アパレル等
[log: 2021-07-14-20-06-11] 233件目成功 : サンリスト株式会社 | 《イイとこどりの好環境》★第二新卒歓迎&社会人デビュー応援！
[log: 2021-07-14-20-06-11] 234件目成功 : 株式会社ジーアフター | 【大型店新規オープン】＊千葉県トップクラスの中古車販売店
[log: 2021-07-14-20-06-11] 235件目成功 : 株式会社ロジカル | コロナ禍・景気にも左右されない安定企業◆面接1回で内定
[log: 2021-07-14-20-06-11] 236件目成功 : 株式会社サンディ | ドイツ発“ボックスストア”ビジネスの国内パイオニア！
[log: 2021-07-14-20-06-11] 237件目成功 : 株式会社ハンナ | 普通免許があれば応募OK！収入・働く環境などカスタマイズできる
[log: 2021-07-14-20-06-11] 238件目成功 : KUROFUNE＆PARTNERS株式会社 | ★入社1年目全員が未経験で年収500万円以上の実績★
[log: 2021-07-14-20-06-11] 239件目成功 : KUROFUNE＆PARTNERS株式会社 | ★入社1年目全員が未経験で年収500万円以上の実績★
[log: 2021-07-14-20-06-12] 240件目成功 : 立成建設株式会社 | 【U・Iターン歓迎！】Web面接OK／社宅完備／10連休以上可能
[log: 2021-07-14-20-06-12] 241件目成功 : 株式会社リロパートナーズ | 【リログループ】※(株)トキオランディックスへの出向です。
[log: 2021-07-14-20-06-12] 242件目成功 : 大阪第一交通株式会社 | 【 業界大手！第一交通産業グループ 】大阪府緊急雇用対策に賛同
[log: 2021-07-14-20-06-12] 243件目成功 : KUROFUNE＆PARTNERS株式会社 | ★オープニングスタッフ募集★1年目全員が年収500万円以上の実績
[log: 2021-07-14-20-06-12] 244件目成功 : 株式会社モリシン電気設備 | 週休2日／皆勤・家族手当など完備【大阪府緊急雇用対策に賛同】
[log: 2021-07-14-20-06-12] 245件目成功 : アルス株式会社 | IBMの認定コアパートナー/フレックス制/有給は最大年間30日付与
[log: 2021-07-14-20-06-12] 246件目成功 : 株式会社綜合キャリアオプション | グループ全体売上1000億円以上◆社員2000名超◆管理職も目指せる
[log: 2021-07-14-20-06-12] 247件目成功 : 株式会社ユタカホーム | ★残業1日1H以下★転勤ナシ★定着率97％★未経験の先輩多数
[log: 2021-07-14-20-06-13] 248件目成功 : 株式会社エコ・エー | 【環境職人】★寮完備（月3万円）★残業月10ｈ・直行直帰OK
[log: 2021-07-14-20-06-20] 249件目成功 : 株式会社ミックウェア | ★ホンダやトヨタのパートナーとして最先端技術を駆使！
[log: 2021-07-14-20-06-20] 250件目成功 : 株式会社エヴァ・ライフ | ＼ 高収入が目指せます ／インセンティブが10万円を超える月も?!
[log: 2021-07-14-20-06-20] 251件目成功 : レイス株式会社 | 国内TOPクラスの総合コンサルティング会社
[log: 2021-07-14-20-06-20] 252件目成功 : リアルティ株式会社 | 毎月インセン&賞与年2回★産休育休・時短勤務等、長く働ける環境
[log: 2021-07-14-20-06-20] 253件目成功 : UTエイム株式会社 | 東証一部上場グループ／東海エリアでずっと働く！
[log: 2021-07-14-20-06-20] 254件目成功 : UTエイム株式会社 | 東証一部上場グループ／関西エリアでずっと働く！
[log: 2021-07-14-20-06-20] 255件目成功 : 株式会社アイダ設計 | テレビCMでお馴染みの企業！成長が止まらないハウスメーカー★
[log: 2021-07-14-20-06-21] 256件目成功 : 洋伸建設株式会社 | 五洋建設グループ◎施工管理技士2級⇒1級へキャリアUPも叶います
[log: 2021-07-14-20-06-21] 257件目成功 : UTエイム株式会社 | 東証一部上場グループ／北陸・甲信越エリアでずっと働く！
[log: 2021-07-14-20-06-21] 258件目成功 : UTエイム株式会社 | 東証一部上場グループ／関東エリアでずっと働く！
[log: 2021-07-14-20-06-21] 259件目成功 : UTエイム株式会社 | 東証一部上場グループ／北海道・東北エリアでずっと働く！
[log: 2021-07-14-20-06-21] 260件目成功 : 株式会社ゲッコー | 直行直帰可能！転勤ナシで地元で働ける＊業界経験者歓迎
[log: 2021-07-14-20-06-21] 261件目成功 : UTエイム株式会社 | 【東証一部上場グループ】九州で働く！コツコツ作業★WEB面接OK
[log: 2021-07-14-20-06-21] 262件目成功 : UTエイム株式会社 | ★東証一部上場グループ★完全週休2日制・オンライン面接可
[log: 2021-07-14-20-06-21] 263件目成功 : UTエイム株式会社 | 【東証一部上場グループ】中国・四国の人気エリアもご紹介！
[log: 2021-07-14-20-06-22] 264件目成功 : 株式会社ライトハウス | オフィス・店舗物件を扱う不動産会社 ☆土日祝休み＆年休120日
[log: 2021-07-14-20-06-22] 265件目成功 : 光和電設株式会社 | 100%直請け★アパホテルやドン・キホーテ、コメリなどの実績多数
[log: 2021-07-14-20-06-22] 266件目成功 : 日本コンセントリクス株式会社 | ★エリア屈指の高待遇★ 年間休日121日・残業月平均8時間以内
[log: 2021-07-14-20-06-22] 267件目成功 : AIG損害保険株式会社 | 自己裁量が魅力！自分の営業スキル・センスを活かしたい方歓迎！
[log: 2021-07-14-20-06-22] 268件目成功 : 日本コンセントリクス株式会社 | Web面接OK：完全週休2日制・年間休日121日・残業月平均8H以内
[log: 2021-07-14-20-06-22] 269件目成功 : 昭和プラント株式会社 | ■残業月平均10時間以内 ■転勤なし ■未経験スタート大歓迎
[log: 2021-07-14-20-06-22] 270件目成功 : セキュリティ＆インテリジェンス株式会社 | 業界内知名度抜群の親会社から生まれたベンチャー ★年休120日超
[log: 2021-07-14-20-06-22] 271件目成功 : 株式会社京進 | 東証二部上場
[log: 2021-07-14-20-06-23] 272件目成功 : 和光設計工事株式会社 | #大阪府緊急雇用対策に賛同 #充実の福利厚生、整った労務環境
[log: 2021-07-14-20-06-23] 273件目成功 : 株式会社浜寺ガスセンター | 【大阪府緊急雇用対策に賛同】年収800万円も目指せる/既婚率70％
[log: 2021-07-14-20-06-23] 274件目成功 : 株式会社丸八ダイレクト | ◆名証二部上場「丸八グループ」◆WEB面接可◆報奨金・賞与年2回
[log: 2021-07-14-20-06-23] 275件目成功 : 株式会社HI-LINE | 【条件に合う方全員面接】家族手当充実！賞与昨年度実績3ヶ月分
[log: 2021-07-14-20-06-23] 276件目成功 : 大東建託株式会社 | ■三重で[ 東証一部上場企業 ] の一員として活躍！■年休125日
[log: 2021-07-14-20-06-23] 277件目成功 : 株式会社未来図建設 | 【 創業119年の老舗安定企業 】■月給30万円以上 ■19時完全退社
[log: 2021-07-14-20-06-23] 278件目成功 : 株式会社エーシーネクスト | ☆転勤なし☆研修も充実♪ ☆異業種出身者も活躍中！
[log: 2021-07-14-20-06-23] 279件目成功 : あっとホームサービス株式会社 | 『張替本舗 金沢屋』FC店舗の立ち上げをあなたの手で！
[log: 2021-07-14-20-06-24] 280件目成功 : 株式会社マイナビM＆A | マイナビグループの精鋭が集結し今年4月設立した社内ベンチャー
[log: 2021-07-14-20-06-24] 281件目成功 : 株式会社キャリアサービス | 【年休125日以上】【産休育休実績あり】★20代・30代活躍中！
[log: 2021-07-14-20-06-24] 282件目成功 : 日交練馬株式会社 | 90年以上の歴史を持つ業界最大級の日本交通グループ
[log: 2021-07-14-20-06-24] 283件目成功 : 株式会社よかタウン | 【東証一部上場のグループ企業】◇年収600万円以上も実現可能！
[log: 2021-07-14-20-06-24] 284件目成功 : 水野精密工業株式会社 | 社宅制度+入居時の会社援助あり！遠方からの応募も歓迎◎
[log: 2021-07-14-20-06-24] 285件目成功 : 消火栓標識株式会社
[log: 2021-07-14-20-06-24] 286件目成功 : 株式会社アイダ設計 | 【設立40年・優良ハウスメーカー】経験者も納得のメリット多数！
[log: 2021-07-14-20-06-24] 287件目成功 : 株式会社グロリアース | 《 福岡本社（福岡市）積極採用中 》幅広い年齢層が活躍中です★
[log: 2021-07-14-20-06-25] 288件目成功 : 株式会社ファーストエージェント | 新しい働き方×納得のいく報酬を実現！1年目で年収1000万円可能
[log: 2021-07-14-20-06-25] 289件目成功 : 株式会社Neo | （リサイクル事業）
[log: 2021-07-14-20-06-25] 290件目成功 : 株式会社アサックス | 【東証一部上場】★残業少★土日祝休み★20代で年収700万円も可
[log: 2021-07-14-20-06-25] 291件目成功 : 株式会社データワンテクノロジー | 【業績好調】★現在待機ゼロの安定性★残業月平均10～20ｈ
[log: 2021-07-14-20-06-25] 292件目成功 : 溝江建設株式会社 | 【 みぞえグループ 】■月給30万円以上 ■資格取得支援あり
[log: 2021-07-14-20-06-25] 293件目成功 : HULK建設株式会社 | あなたの成果をしっかり評価！業界高水準の給与をご用意します。
[log: 2021-07-14-20-06-25] 294件目成功 : フジミハウジング株式会社 | ★TV番組などメディア出演多数★連休取得OK・退職金制度有！
[log: 2021-07-14-20-06-25] 295件目成功 : 株式会社ワークプレイスソリューションズ | 米国最大級のオフィス家具メーカー正規代理店◆海外出張あり
[log: 2021-07-14-20-06-26] 296件目成功 : 株式会社窪治組 | ほぼ残業なし★社員寮完備★週休2日★実働7.5時間★各種手当充実
[log: 2021-07-14-20-06-26] 297件目成功 : 株式会社ヨドバシカメラ | 業界異例の正社員比率96.4% ★福利厚生も大手ならでは！
[log: 2021-07-14-20-06-26] 298件目成功 : ネイビーエステート株式会社 | ★社長の人柄に惹かれ業界のトップクラスのセールスマンが活躍中
[log: 2021-07-14-20-06-32] 299件目成功 : 株式会社京進 | 東証二部上場
[log: 2021-07-14-20-06-32] 300件目成功 : UTエイム株式会社 | 大阪府緊急雇用対策に賛同【東証1部上場グループ】
[log: 2021-07-14-20-06-32] 301件目成功 : 株式会社シンミテクノ | ★20名採用プロジェクト始動！【大阪府緊急雇用対策に賛同】
[log: 2021-07-14-20-06-32] 302件目成功 : 株式会社ワークプレイスソリューションズ | 米国最大級のオフィス家具メーカー正規代理店◆昨年度賞与4ヶ月
[log: 2021-07-14-20-06-33] 303件目成功 : 株式会社日野店舗建築 | 設計・施工・製造をワンストップで手がける安定企業／未経験OK！
[log: 2021-07-14-20-06-33] 304件目成功 : UTコミュニティ株式会社 | <東証一部上場グループ>年休128日★寮費無料エリア有★WEB面接OK
[log: 2021-07-14-20-06-33] 305件目成功 : 株式会社日本住宅販売 | 【大阪府緊急雇用対策に賛同】★増員募集★人物重視の採用です！
[log: 2021-07-14-20-06-33] 306件目成功 : 株式会社インターレイズ | ◆大阪府緊急雇用対策に賛同／未経験OK／学歴不問／全員面接可
[log: 2021-07-14-20-06-33] 307件目成功 : スカイジャパン株式会社 | 平均年齢35歳｜転勤ナシ｜幹部候補｜在宅勤務OK｜WEB面接対応◎
[log: 2021-07-14-20-06-33] 308件目成功 : 株式会社エスエスディー | ラウンドモーター #年間休日115日 #残業は月10～20時間程度
[log: 2021-07-14-20-06-34] 309件目成功 : ＬＵＣＩＯＮ＆Ｃｏｍｐａｎｙ株式会社 | 大阪府緊急雇用対策に賛同/年収600万円以上/年収600以上も可能！
[log: 2021-07-14-20-06-34] 310件目成功 : UTエイム株式会社 | 【東証一部上場グループ】3か月で163万円以上の貯金も可能！
[log: 2021-07-14-20-06-34] 311件目成功 : 広島建設株式会社 | ～千葉に根差して50年の安定基盤があります～★WEB面接実施中★
[log: 2021-07-14-20-06-34] 312件目成功 : 株式会社九州エネコ | 年休120日以上/完休2日制/転勤なし/社員寮あり/平均月収70万円
[log: 2021-07-14-20-06-34] 313件目成功 : 昭和ルーフリモ株式会社 | 【★リモートワーク推進★18～19時には退社 ★社用車通勤OK】
[log: 2021-07-14-20-06-34] 314件目成功 : 有限会社チャンス | 《千葉エリア中心の中古車販売店》ノルマなし／100%反響型
[log: 2021-07-14-20-06-34] 315件目成功 : 株式会社LTCパートナーズ | 事業部長候補／年間休日125日以上／残業ほぼなし／学歴不問
[log: 2021-07-14-20-06-34] 316件目成功 : 株式会社エーシーネクスト | 賞与年4回支給／完全週休二日制(日・月)／転勤なし
[log: 2021-07-14-20-06-34] 317件目成功 : 株式会社メディア工房 | 東証マザーズ上場★Web占いコンテンツで業界トップクラスの実績
[log: 2021-07-14-20-06-34] 318件目成功 : 税理士法人松本 | 業績好調&安定基盤◆渋谷オフィス開設!オープニングスタッフ募集
[log: 2021-07-14-20-06-35] 319件目成功 : 株式会社TERASS | 年収2000万も可能/仲介手数料の75％が年収/出社義務無し/副業OK!
[log: 2021-07-14-20-06-35] 320件目成功 : 株式会社オープンハウス | 20代の管理職率76％◆年4回昇給&昇格のチャンス有
[log: 2021-07-14-20-06-35] 321件目成功 : 株式会社フィールドリンク | 即日入社OK/完全週休二日制/年休日120日/直行直帰OK(社用車貸与)
[log: 2021-07-14-20-06-35] 322件目成功 : 株式会社サンゲル | 注目を集めるエコ商材を扱うスタートアップ企業｜残業少なめ
[log: 2021-07-14-20-06-35] 323件目成功 : 赤門ウイレックス株式会社 | ◎賞与年4回　◎年休124日　◎5年前比120%成長
[log: 2021-07-14-20-06-35] 324件目成功 : 東洋運輸株式会社 | ＼ 安定性バツグン！ ／ ”大手企業専属”の定期輸送です！
[log: 2021-07-14-20-06-35] 325件目成功 : 株式会社エス・ビルド | 《大手企業との取引多数！》昨対比売上110％UP／年間休日121日
[log: 2021-07-14-20-06-35] 326件目成功 : 株式会社シンヨー運輸 | 不況知らず・売上好調の食品輸送！全額会社負担で免許取得を支援
[log: 2021-07-14-20-06-36] 327件目成功 : 株式会社クレス不動産 | 反響営業だから、未経験でもムリなく稼げる＊
[log: 2021-07-14-20-06-36] 328件目成功 : アップワン株式会社 | 【IT × 課題解決】コロナ禍でも成長を続けるベンチャー企業
[log: 2021-07-14-20-06-36] 329件目成功 : 株式会社サンワテクノス | ◎業界トップクラスの安定性！◎賞与3ヶ月分 ◎各種手当も充実
[log: 2021-07-14-20-06-36] 330件目成功 : nmsエンジニアリング株式会社 | 上場企業『nmsホールディングス』のグループ会社！
[log: 2021-07-14-20-06-36] 331件目成功 : nmsエンジニアリング株式会社 | 上場企業『nmsホールディングス』のグループ会社！
[log: 2021-07-14-20-06-36] 332件目成功 : 赤門ウイレックス株式会社 | ◎若手限定募集 ◎5年前比120%成長 ◎未経験でも月給23万円～
[log: 2021-07-14-20-06-36] 333件目成功 : ウィンクルム株式会社 | 【大阪府緊急雇用対策に賛同】※土日休み／月給25万円以上
[log: 2021-07-14-20-06-36] 334件目成功 : 株式会社クリーク | CREEK CO.,LTD.／世田谷勤務／コロナ禍も安定の黒字経営
[log: 2021-07-14-20-06-37] 335件目成功 : 株式会社鈴鹿英数学院 | 【★転勤なし★　週休2日制｜モデル年収30歳600万円】
[log: 2021-07-14-20-06-37] 336件目成功 : 株式会社エス・エル・エス福岡 | 総合レジャーサービスグループ(九州全県、広島県に35店舗展開)
[log: 2021-07-14-20-06-37] 337件目成功 : 株式会社フジメタル | 業界トップクラスシェア／川崎勤務／土日完全休
[log: 2021-07-14-20-06-37] 338件目成功 : nmsエンジニアリング株式会社 | 上場企業『nmsホールディングス』のグループ会社！
[log: 2021-07-14-20-06-37] 339件目成功 : 株式会社ひまわりほーむ | ＼CMでお馴染み／　残業月平均15時間&手当など福利厚生も充実◎
[log: 2021-07-14-20-06-37] 340件目成功 : 株式会社日商エステム | 【グループ売上600億以上のデベロッパー】★産育休取得実績あり
[log: 2021-07-14-20-06-37] 341件目成功 : 株式会社つばさメディカルグループ | ■札幌でトップクラスの実績 ■社会貢献性の高い事業で急成長中
[log: 2021-07-14-20-06-37] 342件目成功 : 株式会社CREAX | 「買取専門店 kaitori-off」設立から6期連続増収中の成長企業！
[log: 2021-07-14-20-06-38] 343件目成功 : 株式会社フィード | アパレルや美容業界、飲食店など異業種からの転職成功者多数！
[log: 2021-07-14-20-06-38] 344件目成功 : 株式会社ケニーモバイル | ★関内・横須賀で地域密着★正社員デビュー歓迎★ネイルOK
[log: 2021-07-14-20-06-38] 345件目成功 : 株式会社ファースト | 【不況知らずのカスタムカー専門店】＊平均年収600万円以上！
[log: 2021-07-14-20-06-38] 346件目成功 : コムズ株式会社 | 未経験でも月給25万円スタート★土日祝休/年休120日以上★
[log: 2021-07-14-20-06-38] 347件目成功 : 株式会社CRUD nop | ECサイト/動画配信/ゲーム等のWebシステムを手掛ける成長企業
[log: 2021-07-14-20-06-38] 348件目成功 : アイアール株式会社 | #大阪府緊急雇用対策に賛同#選べる勤務地#土日祝休み#WEB面接可
[log: 2021-07-14-20-06-44] 349件目成功 : 佐藤建業株式会社 | 今年で創立61周年！杉並区・都内の地域に密着した工事事業を展開
[log: 2021-07-14-20-06-44] 350件目成功 : 日本ビズアップ株式会社 | クラウド会計システムで企業経営をサポート/完全週休2日(土日)
[log: 2021-07-14-20-06-45] 351件目成功 : 株式会社アドヴァンス | 【 2021年6月26日(土) マイナビ転職フェア熊本に出展します 】
[log: 2021-07-14-20-06-45] 352件目成功 : 有限会社アイユーホーム | ボーナスは最大年3回支給 ／ 産休育休制度 ／ 残業は1日1h程度
[log: 2021-07-14-20-06-45] 353件目成功 : 株式会社CREA HOME | 設立より3期連続で増収増益｜ゆくゆくは年収600万円以上も可能
[log: 2021-07-14-20-06-45] 354件目成功 : Garrett Japan合同会社 | 【大人気ポップコーンのお店】★有給消化100％★正社員登用あり
[log: 2021-07-14-20-06-45] 355件目成功 : 株式会社VERUS | #未経験入社5ヶ月で月収200万円も可能！#残業ほぼなし
[log: 2021-07-14-20-06-45] 356件目成功 : 旭紙工株式会社 | 月給25万円~+賞与5ヶ月/基本定時退社/大阪府緊急雇用対策に賛同
[log: 2021-07-14-20-06-45] 357件目成功 : 有限会社新潟機械商行 | ★社用車貸与＆ガソリンカード支給★長期1週間ほどの休暇もOK★
[log: 2021-07-14-20-06-45] 358件目成功 : 株式会社ISM | 続々と新規出店中！ 首都圏を中心に6店舗運営、展開中！
[log: 2021-07-14-20-06-45] 359件目成功 : 株式会社B2 | 名古屋本社・静岡支社の2拠点で同時募集！
[log: 2021-07-14-20-06-46] 360件目成功 : 株式会社L.I.G | 反響は毎月200件以上！歩合率最高33％で、無理なく高収入をGET◎
[log: 2021-07-14-20-06-46] 361件目成功 : FUJITSU UT株式会社 | 【東証一部上場グループ】完全週休二日制(土日)/残業月5～10時間
[log: 2021-07-14-20-06-46] 362件目成功 : 株式会社エイトハウジング | WEB面接実施中★有給取得推奨★大阪府緊急雇用対策に賛同
[log: 2021-07-14-20-06-46] 363件目成功 : 東京海上日動あんしん生命保険株式会社 | 東京海上ホールディングス株式会社100%出資企業
[log: 2021-07-14-20-06-46] 364件目成功 : 株式会社トリックトラック | 完全週休2日制・土日祝休み・年間休日120日以上
[log: 2021-07-14-20-06-46] 365件目成功 : 株式会社fosbury | 【ベストベンチャー100選出企業】#コロナ禍でも連続増収増益中！
[log: 2021-07-14-20-06-46] 366件目成功 : 株式会社和幸 | 【 月6万円で住める？！ 】話題のローコストでお洒落な家WOODBOX
[log: 2021-07-14-20-06-46] 367件目成功 : 荒沢工業株式会社 | ＜海がある限り仕事がなくならない高い安定性＞◆基本定時退社
[log: 2021-07-14-20-06-47] 368件目成功 : 株式会社四国軽貨物 | 東京支店・登録無料・日払いOK・リース車両2ヶ月無料・車検無料
[log: 2021-07-14-20-06-47] 369件目成功 : 株式会社KDDIエボルバ | 【“au”を展開する東証一部上場のKDDIグループ】★札幌勤務
[log: 2021-07-14-20-06-47] 370件目成功 : 株式会社sizebook | 業界高水準の待遇！年収1000万円稼ぐ20代の先輩も★完全週休2日
[log: 2021-07-14-20-06-47] 371件目成功 : 株式会社コンセプト | 競馬関連のプロモーションを担う制作会社 ◎WEB面接1回のみ！
[log: 2021-07-14-20-06-47] 372件目成功 : メットライフ生命保険株式会社 | 大阪第一エイジェンシーオフィス｜年間休日121日＆賞与年4回
[log: 2021-07-14-20-06-47] 373件目成功 : 株式会社新井組 | 主要4地方整備局で令和元年度 工事成績優秀企業認定(国土交通省)
[log: 2021-07-14-20-06-47] 374件目成功 : 株式会社シティ・ハウジング | 【創業37年／地域密着型】週休2日制 ★ 基本定時退社(残業月10h)
[log: 2021-07-14-20-06-47] 375件目成功 : 株式会社ファーストライズ | 9年連続で業績UP／コロナ禍でも変わらずニーズがある安定企業★
[log: 2021-07-14-20-06-48] 376件目成功 : 株式会社オラフズ | 実績多数★『ジャンクSPORTS』『モニタリング』etc.
[log: 2021-07-14-20-06-48] 377件目成功 : 株式会社Miss WH | ◆完全週休2日制（土日祝）◆未経験スタートでも月給28万円
[log: 2021-07-14-20-06-48] 378件目成功 : 株式会社渡辺組 | ＜ 安定基盤 ＞鹿児島県内トップクラスの実績を誇る総合建設企業
[log: 2021-07-14-20-06-48] 379件目成功 : 株式会社スカーラサポート | 《面接1回》《社員の9割が月給30万円以上実現》《普通免許でOK》
[log: 2021-07-14-20-06-48] 380件目成功 : 株式会社エム・シー・ピー | ★基本定時退社★正当評価で年収1000万円も可能★昇給年4回
[log: 2021-07-14-20-06-48] 381件目成功 : 株式会社みらい住宅開発紀行 | ◆各種祝金あり◆研修制度あり【大阪府緊急雇用対策に賛同】
[log: 2021-07-14-20-06-48] 382件目成功 : 日本フォーミング株式会社 | ◆基本土日祝休み◆ほぼ定時退社 ◎未経験大歓迎！
[log: 2021-07-14-20-06-49] 383件目成功 : 光栄電設工業株式会社 | 国立市トップクラスの電気工事会社／年収800万円以上も目指せる
[log: 2021-07-14-20-06-49] 384件目成功 : 株式会社マツミ | フランク&自由な社風で、誰よりも楽しく働きたいなら当社一択！
[log: 2021-07-14-20-06-49] 385件目成功 : 株式会社モトーレン青森 | ★社用車でBMW・MINIを用意！入社後に車を買う必要はありません
[log: 2021-07-14-20-06-49] 386件目成功 : 2plus8株式会社 | ★楽天・YahooショッピングなどECモールにも出店中 ★年休120日
[log: 2021-07-14-20-06-49] 387件目成功 : 株式会社リレーション | 【 福岡地場企業 】■転勤なし ■完全週休2日制(土日祝休み)
[log: 2021-07-14-20-06-49] 388件目成功 : 日本コンセントリクス株式会社 | ★〆切間近のレア求人★ 100％在宅勤務/年休121日/残業月8H以内
[log: 2021-07-14-20-06-49] 389件目成功 : 三栄工業株式会社 | 創業64年！60歳以上の社員も活躍中★長く働ける会社です！
[log: 2021-07-14-20-06-50] 390件目成功 : 株式会社グローバルサポート | 【インセンティブ月平均15万円／50万円稼ぐ先輩も！】※副業OK！
[log: 2021-07-14-20-06-50] 391件目成功 : 株式会社ワイズ高橋 | 業界でも珍しい、弊社ならではの買取職にご注目！退職金制度あり
[log: 2021-07-14-20-06-50] 392件目成功 : 豊中機工株式会社 | ゴルフ場用芝刈り機などを取り扱う専門商社/土日祝休/年休125日
[log: 2021-07-14-20-06-50] 393件目成功 : 株式会社カークレド | 【東証一部上場企業「プロトコーポレーション」グループ】
[log: 2021-07-14-20-06-50] 394件目成功 : 株式会社太田興産 | JASDAQ上場（株）ジェーソンの持株会社◆銀座4丁目の自社ビル！
[log: 2021-07-14-20-06-50] 395件目成功 : 光栄電設工業株式会社 | 国立市トップクラスの電気工事会社／高年収・独立も目指せる環境
[log: 2021-07-14-20-06-50] 396件目成功 : 有限会社館 | ★入社1年以内に【月収35万～40万円】も充分目指せる！
[log: 2021-07-14-20-06-50] 397件目成功 : 株式会社HG・ロジック | |.. 大型免許　平均月収40万円 ..| | 夜間走行なし／未経験歓迎
[log: 2021-07-14-20-06-51] 398件目成功 : 日本リアライズ株式会社 | ライフプランを提案する営業スタイルで年商数十億円を実現！
[log: 2021-07-14-20-06-57] 399件目成功 : 株式会社Ｃ－スピリット
[log: 2021-07-14-20-06-57] 400件目成功 : 株式会社アクト | ＼賞与は4～5ヶ月分を支給／残業は月平均10時間ほどです
[log: 2021-07-14-20-06-57] 401件目成功 : 臨海建設株式会社 | ＼公共案件100％／総合土木業として愛媛に貢献！＜面接1回のみ＞
[log: 2021-07-14-20-06-57] 402件目成功 : 東陽設備工業株式会社 | 設立57年/大手ゼネコン取引あり/年収700万円を目指せる！面接1回
[log: 2021-07-14-20-06-57] 403件目成功 : 株式会社アプローズ不動産販売 | ★年収1000万円以上も可能★完全週休2日制
[log: 2021-07-14-20-06-57] 404件目成功 : 株式会社三木森 | 電化製品や化粧品等の日本製品を大手ECサイトや海外で販売
[log: 2021-07-14-20-06-57] 405件目成功 : 西日本高速道路エンジニアリング中国株式会社 | 【NEXCO西日本グループ】◎年収600万円以上も目指せます！
[log: 2021-07-14-20-06-57] 406件目成功 : FlipNine株式会社 | Instagram・YouTube・Googleなど手法は様々★インセンティブ有
[log: 2021-07-14-20-06-58] 407件目成功 : 大仲金属株式会社 | (ダイナカキンゾク) 原料となる”鉛”を製造◆完全週休2日(土日)
[log: 2021-07-14-20-06-58] 408件目成功 : 株式会社ケーシーエス | 未経験OK/完全週休2日/月収45万円も可/普通免許があれば応募OK！
[log: 2021-07-14-20-06-58] 409件目成功 : 株式会社ワークナビ.com | [創業以来売り上げ増加中]■2021年ベストベンチャー100に選出！
[log: 2021-07-14-20-06-58] 410件目成功 : 有限会社共栄シャッター | *年休120日以上 *完全週休2日 *福利厚生充実 *資格支援あり
[log: 2021-07-14-20-06-58] 411件目成功 : 株式会社ティ・ユー・メタル | 【 業績安定 】” 地元でずっと働く ” が叶う場所。
[log: 2021-07-14-20-06-58] 412件目成功 : 日本アドバンス株式会社 | ■転勤なし ■完全週休2日制 ■高収入獲得可能！■残業少なめ
[log: 2021-07-14-20-06-58] 413件目成功 : 株式会社セントラルアークス | 【大阪府緊急雇用対策に賛同】
[log: 2021-07-14-20-06-58] 414件目成功 : 株式会社LINKハウス | 未経験歓迎｜入社最短3ヶ月でマネージャーも｜選べる完全週休2日
[log: 2021-07-14-20-06-58] 415件目成功 : 株式会社ブルジュラ | ★土日祝休み★年休120日以上★フレックスタイム制★20代活躍中
[log: 2021-07-14-20-06-58] 416件目成功 : 株式会社海山組 | ★入社祝い金最大30万円支給（※1）　※給与はご相談ください！
[log: 2021-07-14-20-06-58] 417件目成功 : 株式会社family | ★高卒・中卒からでも高収入が目指せるフィールド
[log: 2021-07-14-20-06-58] 418件目成功 : 株式会社進和ホームサービス | 完全週休2日制／月収100万円も目指せる好環境！／女性活躍中！
[log: 2021-07-14-20-06-59] 419件目成功 : システム・メイトグループ合同募集 | ★向上心とやる気重視★　＜完全週休二日制＞
[log: 2021-07-14-20-06-59] 420件目成功 : 株式会社ライフ鑑定調査事務所 | 【レピオグループ】★毎月・半期毎の歩合と年2回賞与あり
[log: 2021-07-14-20-06-59] 421件目成功 : 株式会社マルキ | #大阪府緊急雇用対策に賛同#インセンティブが魅力#休みが選べる
[log: 2021-07-14-20-06-59] 422件目成功 : 東京・日本交通株式会社 | タクシー業界売上No.1グループ【大阪府緊急雇用対策に賛同】
[log: 2021-07-14-20-06-59] 423件目成功 : 株式会社Tnor | ★入社1年目から月収30万円も可能！／大阪府緊急雇用対策に賛同
[log: 2021-07-14-20-06-59] 424件目成功 : 川合電気設備株式会社 | 年収700万超の社員も／資格取得支援制度／独立支援制度あり
[log: 2021-07-14-20-06-59] 425件目成功 : 日本コンセントリクス株式会社 | 土日祝休み／年休121日／残業月10～20H以内
[log: 2021-07-14-20-06-59] 426件目成功 : 株式会社真栄工業 | 建築の基礎を築くプロフェッショナル＊大阪府緊急雇用対策に賛同
[log: 2021-07-14-20-06-59] 427件目成功 : 株式会社エム・シー・ピー | ★年齢不問★連続休暇取得も可★資格取得支援有★20～50代活躍中
[log: 2021-07-14-20-06-59] 428件目成功 : エムケイ西日本グループ株式会社 | 【大阪府緊急雇用対策に賛同】2020年度 平均年収実績：518万円！
[log: 2021-07-14-20-07-00] 429件目成功 : 有限会社鹿屋電子工業 | 大手メーカーからの依頼多数★携帯・自動車の部品を手掛ける
[log: 2021-07-14-20-07-00] 430件目成功 : サクラス株式会社 | オリジナル注文住宅<タツノコホーム>※大阪府緊急雇用対策に賛同
[log: 2021-07-14-20-07-00] 431件目成功 : 株式会社エコプラ | 【 業績好調の安定企業 】■月給25万円以上 ■土日祝休み
[log: 2021-07-14-20-07-00] 432件目成功 : 株式会社サンテックス | #大阪府緊急雇用対策に賛同#業績好調のため賞与実績平均6ヶ月分
[log: 2021-07-14-20-07-00] 433件目成功 : 株式会社ワークステーション | TERRA COAT(テラ・コート)
[log: 2021-07-14-20-07-00] 434件目成功 : 株式会社ツイテルホーム | 面接1回＆即日内定もあり｜昨年は全国で30名の中途社員が入社
[log: 2021-07-14-20-07-00] 435件目成功 : 株式会社フロントエンド | 完全自社開発システムで地元企業に貢献！※愛媛県四国中央市本社
[log: 2021-07-14-20-07-00] 436件目成功 : 株式会社ノードコムコア | 【高インセン有】★土日祝休み★残業少なめ★面接1回★20代中心
[log: 2021-07-14-20-07-01] 437件目成功 : 鳴海急送株式会社 | 国にも認められた?!★メディアにも数多く取上げられる話題の企業
[log: 2021-07-14-20-07-01] 438件目成功 : 株式会社トラストアライアンス | #30代活躍中 #業界最高水準の歩合率 #一年以内に昇格も可能
[log: 2021-07-14-20-07-01] 439件目成功 : 株式会社小山電機工事 | 「経験者が次の転職先に選ぶ会社」★入社祝い金10万円支給*
[log: 2021-07-14-20-07-01] 440件目成功 : 住友生命保険相互会社 | 4月開設の新支部〈都北支社 新成増支部〉仕事と子育ての両立可能
[log: 2021-07-14-20-07-01] 441件目成功 : 株式会社 住環境メンテナンス | 【人柄重視／書類選考なし】お問い合わせ先／TEL：019-613-7672
[log: 2021-07-14-20-07-01] 442件目成功 : 松田土木工業株式会社 | 姫路密着／リピート多数／増収増益★7年連続決算賞与支給中
[log: 2021-07-14-20-07-01] 443件目成功 : 株式会社ライフエージェント | 業績UP！コロナの影響なし！病院など専門的な内装工事のプロ集団
[log: 2021-07-14-20-07-01] 444件目成功 : 株式会社晃和コンサルタント | 【移住支援金対象求人(宮崎)】　宮崎で業界トップクラスの実績
[log: 2021-07-14-20-07-02] 445件目成功 : 株式会社 住環境メンテナンス | 【人柄重視／書類選考なし】お問い合わせ先／TEL：022-385-6429
[log: 2021-07-14-20-07-02] 446件目成功 : 大阪運輸株式会社 | #大阪府緊急雇用対策に賛同 #1ヶ月目から月収30万円以上が可能
[log: 2021-07-14-20-07-02] 447件目成功 : 株式会社TEC三河 | ★人手不足が続く三河は豊かな市場！だから営業しやすさ抜群！
[log: 2021-07-14-20-07-02] 448件目成功 : リバークル株式会社 | 未経験入社で年収400万円を保証！/設立から7年間で退職者ゼロ
[log: 2021-07-14-20-07-09] 449件目成功 : 株式会社アーテック | 創業より61年/ 主に「学校教材」や「教育玩具」を製造・販売
[log: 2021-07-14-20-07-09] 450件目成功 : 大阪山陽タクシー株式会社 | 東証一部上場グループ／選べる働き方※大阪府緊急雇用対策に賛同
[log: 2021-07-14-20-07-09] 451件目成功 : 大賀建設株式会社 | ★努力や成果を正当評価で収入に反映！年収1千万円超の実績あり
[log: 2021-07-14-20-07-09] 452件目成功 : 株式会社ダストトライ | 異業種から歓迎／資格取得支援／メリハリある働き方／定着率◎
[log: 2021-07-14-20-07-09] 453件目成功 : 株式会社スカーラサポート | 《面接1回》《社員の9割が月給30万円以上実現》《普通免許でOK》
[log: 2021-07-14-20-07-09] 454件目成功 : 株式会社オフィスメーション | 未経験OK／充実の手当で高収入を実現可能／土日祝休み／名駅近く
[log: 2021-07-14-20-07-10] 455件目成功 : 株式会社レーベンゼストック | 東証一部上場・安定＆好待遇の「タカラレーベングループ」
[log: 2021-07-14-20-07-10] 456件目成功 : 株式会社沖縄ユーポス | 【 ユーポスグループ 】20代の若手社員が続々と入社しています
[log: 2021-07-14-20-07-10] 457件目成功 : 株式会社ニューアート・シーマ | 日本初のブライダルジュエリー専門店　銀座ダイヤモンドシライシ
[log: 2021-07-14-20-07-10] 458件目成功 : 株式会社ひらぎの | 未経験から高収入が目指せる！UIターン支度金（10～20万円）あり
[log: 2021-07-14-20-07-10] 459件目成功 : 株式会社フリックス | 9割以上が未経験/面接1回のみ/即日勤務OK/週払い・日払いも可★
[log: 2021-07-14-20-07-10] 460件目成功 : 株式会社シュテルン高井戸 | 東京都内に3店舗（高井戸・調布・日野）を展開
[log: 2021-07-14-20-07-10] 461件目成功 : 日本モウルド工業株式会社 | 半世紀以上【黒字経営】／事業拡大募集（車通勤OK／通勤手当有）
[log: 2021-07-14-20-07-10] 462件目成功 : 東京海上日動あんしん生命保険株式会社 | ◆横浜支社／20～40代まで幅広く活躍しています！
[log: 2021-07-14-20-07-10] 463件目成功 : ニーズ企画株式会社 | ◆土日祝日休み◆未経験でも月給28万円～◆研修充実！
[log: 2021-07-14-20-07-10] 464件目成功 : 株式会社ニューアート・シーマ | 未経験歓迎／業界トップクラスの給与水準／駅から徒歩2分
[log: 2021-07-14-20-07-11] 465件目成功 : 株式会社長内水源工業 | 《業界随一の業績》全国でも稀有な温泉掘削会社　☆転勤なし
[log: 2021-07-14-20-07-11] 466件目成功 : 株式会社いいなダイニング | 【大阪府緊急雇用対策に賛同】店長は月収30万可／月最大10日休み
[log: 2021-07-14-20-07-11] 467件目成功 : ウィンクルム株式会社 | 【大阪府緊急雇用対策に賛同】※年間休日120日以上
[log: 2021-07-14-20-07-11] 468件目成功 : 株式会社ONE | 未経験も月給30万円～+インセンティブ/大阪府緊急雇用対策に賛同
[log: 2021-07-14-20-07-11] 469件目成功 : リバーコンティニュー株式会社 | スキルがつけば月収80万もめざせる！※大阪府緊急雇用対策に賛同
[log: 2021-07-14-20-07-11] 470件目成功 : 株式会社フリーテンポ | 《 人気急上昇中！メンズ脱毛サロンRINX 》39種類の福利厚生あり
[log: 2021-07-14-20-07-11] 471件目成功 : 株式会社HN企画 | 【JASDAQ上場企業のパートナー】働く環境が整った安定企業！
[log: 2021-07-14-20-07-11] 472件目成功 : 株式会社ヤマキ | #移転したばかりのNEWオフィス#資格手当充実 #毎年昇給#定着度高
[log: 2021-07-14-20-07-11] 473件目成功 : 株式会社鈴木研磨 | ＜事業拡大につき製造業界経験者を大募集！＞ 年間休日110日
[log: 2021-07-14-20-07-12] 474件目成功 : 株式会社共栄 | 【創業80年】鹿児島の「暮らし」を支える優良企業
[log: 2021-07-14-20-07-12] 475件目成功 : 第一交通株式会社 | 【上場企業"第一交通産業グループ"】年収450万円以上も可能
[log: 2021-07-14-20-07-12] 476件目成功 : アークネット株式会社 | 「やる気スイッチ」のスクールIE,英会話スクール「WinBe」を運営
[log: 2021-07-14-20-07-12] 477件目成功 : 株式会社プログランス | 新サービス展開中！◆完全週休2日(土日祝)◆有給申請取得率100%
[log: 2021-07-14-20-07-12] 478件目成功 : 宮崎海運株式会社 | 海で働くスケールの大きな仕事／給与も高水準で定着率抜群★
[log: 2021-07-14-20-07-12] 479件目成功 : 京都第一交通株式会社 | 【業界大手の第一交通産業グループ】◎月収30万円以上も多数在籍
[log: 2021-07-14-20-07-12] 480件目成功 : 株式会社栄進コンサルタント | フレックスタイム制を導入！原則残業もなく自由に働ける環境です
[log: 2021-07-14-20-07-13] 481件目成功 : 日本コンセントリクス株式会社 | ★完全在宅勤務・完全週休2日制・年休121日・原則定時退社★
[log: 2021-07-14-20-07-13] 482件目成功 : 株式会社ユーエムロジ | 【AT限定でも応募可】残業ほぼなし｜月給31万円以上の高収入！
[log: 2021-07-14-20-07-13] 483件目成功 : 合同会社新谷コーポレーション | ＊年休120日以上＊月収60万円以上も可能＊屋上にはテラスも♪
[log: 2021-07-14-20-07-13] 484件目成功 : 関東総合設備工事株式会社 | 関電工（東証1部上場）の案件がほぼ100%を占める安定企業！
[log: 2021-07-14-20-07-13] 485件目成功 : 株式会社前原土建 | 【キャリアUPもOK】将来的には年収800～900万の大台も目指せる！
[log: 2021-07-14-20-07-13] 486件目成功 : 大井産業株式会社 | 《創業71 塗料商品専門商社》■20～30代活躍中！■月給20万円～
[log: 2021-07-14-20-07-13] 487件目成功 : 株式会社ＩＢＪ | 【東証一部上場企業】◆年休124日◆完全週休2日(土日祝)
[log: 2021-07-14-20-07-13] 488件目成功 : 山三交通株式会社 | 未経験活躍中／格安＆キレイな社員寮有！上京も支援／Web面接OK
[log: 2021-07-14-20-07-14] 489件目成功 : 福岡エムケイ株式会社 | 【 MKグループ 】■安定の固定給 ■未経験歓迎 ■月9日休み
[log: 2021-07-14-20-07-14] 490件目成功 : 日本車輛洗滌機株式会社 | 《創業60年超》新幹線や列車、バス等の洗車機を製造・販売
[log: 2021-07-14-20-07-14] 491件目成功 : 株式会社ルクス | コロナ禍でも急成長の業界/実力次第で高収入/20～30代活躍中
[log: 2021-07-14-20-07-14] 492件目成功 : 上海中和軟件有限公司 | (上海中和株式会社)◆大手直取引◆日中合弁企業として1991年設立
[log: 2021-07-14-20-07-14] 493件目成功 : 株式会社トータル | 賞与年2回＋決算賞与は8年連続で支給｜毎年5,000円以上昇給あり
[log: 2021-07-14-20-07-14] 494件目成功 : 株式会社ステップアップ | 県外応募も大歓迎！引越手当あり/基本月9日休み/コロナ対策万全
[log: 2021-07-14-20-07-14] 495件目成功 : 株式会社大軌 | 月収32万円以上を目指せる／賞与3回／大阪府緊急雇用対策に賛同
[log: 2021-07-14-20-07-14] 496件目成功 : 株式会社今井自動車教習所 | ☆販売・サービス業出身者多数活躍中【フォロー体制抜群の環境】
[log: 2021-07-14-20-07-14] 497件目成功 : ケイエイツー株式会社 | 店舗拡大中の急成長住宅メーカー★2020年度グッドデザイン賞受賞
[log: 2021-07-14-20-07-15] 498件目成功 : MIGホールディングス株式会社
[log: 2021-07-14-20-07-21] 499件目成功 : 株式会社福コンサルタント | 土日祝休み／住宅手当／残業なし／高収入／面接1回／副業可
[log: 2021-07-14-20-07-21] 500件目成功 : 株式会社 一誠通商 | 調査から任されるから高収益・高収入※大阪府緊急雇用対策に賛同
[log: 2021-07-14-20-07-21] 501件目成功 : 寺本運輸倉庫株式会社 | 【大企業と直取引】完全週休2日or週休2日の選択可/年間休日118日
[log: 2021-07-14-20-07-21] 502件目成功 : 株式会社城西自動車学校 | ＜利便性◎＞愛媛県を代表する、中心部に位置する好立地の教習場
[log: 2021-07-14-20-07-22] 503件目成功 : 株式会社ホームケアサービス山口 | #福利厚生抜群　#業界随一の賞与　#資格取得をサポート
[log: 2021-07-14-20-07-22] 504件目成功 : 日化設備工業株式会社
[log: 2021-07-14-20-07-22] 505件目成功 : 株式会社レソリューション | 自動車業界人材会社業績No.1
[log: 2021-07-14-20-07-22] 506件目成功 : 大阪圧搾コルク株式会社 | 【大阪府緊急雇用対策に賛同】未経験スタートでも高収入を実現！
[log: 2021-07-14-20-07-22] 507件目成功 : 株式会社マイナビミドルシニア | マイナビ ミドルシニア　人材紹介サービス
[log: 2021-07-14-20-07-22] 508件目成功 : 株式会社レソリューション | 自動車業界人材会社業績No.1
[log: 2021-07-14-20-07-22] 509件目成功 : 株式会社晃技開発 | 官公庁とも取引★昇給＋賞与年2回【大阪府緊急雇用対策に賛同】
[log: 2021-07-14-20-07-22] 510件目成功 : 株式会社マイナビミドルシニア | マイナビ ミドルシニア　人材紹介サービス
[log: 2021-07-14-20-07-22] 511件目成功 : 代々木自動車株式会社 | ★タクシーアプリで安定収益★給与保証は最大6ヶ月間
[log: 2021-07-14-20-07-22] 512件目成功 : 鶴信運輸株式会社 | 最近も未経験から20・30代の社員が入社★1年目で月収40万円可能
[log: 2021-07-14-20-07-23] 513件目成功 : 株式会社ファイブスプリングス | 完全週休2日制（土日祝休み）・年休125日・リモートワークOK
[log: 2021-07-14-20-07-23] 514件目成功 : 新中央航空株式会社 | ＜創業43年。伊豆諸島の島民のくらしを支える航空会社です！＞
[log: 2021-07-14-20-07-23] 515件目成功 : 苫小牧保険設計株式会社 | 面接1回のみ/最初の1年間はじっくり研修/新規営業は紹介からのみ
[log: 2021-07-14-20-07-23] 516件目成功 : ブルーエキスプレス株式会社 | 東証1部上場ステラケミファ株式会社の100％子会社 ★経験者優遇
[log: 2021-07-14-20-07-23] 517件目成功 : 株式会社CBSエージェント | ケラー・ウィリアムズ 神戸
[log: 2021-07-14-20-07-23] 518件目成功 : 北摂工業株式会社 | #完全週休2日制で残業は少なめ #社会人デビュー歓迎
[log: 2021-07-14-20-07-23] 519件目成功 : 郡司建設株式会社 | ◆賞与平均3.2ヶ月分支給！年収850万円も可能！前職給与を考慮
[log: 2021-07-14-20-07-23] 520件目成功 : 有限会社内山青果 | 【 創業91年！年3回ボーナスあり♪】★12時退社★応募者全員面接
[log: 2021-07-14-20-07-24] 521件目成功 : 朝日エンタープライズ株式会社 | ―― 安全施設／遊具／体育施設の販売・施工を担う会社 ――
[log: 2021-07-14-20-07-24] 522件目成功 : 有限会社西川塗装店 | コロナにも負けない安定企業　★昨年の賞与実績は最大400万円！
[log: 2021-07-14-20-07-24] 523件目成功 : 法成寺運輸株式会社 | 最近も未経験から20・30代の社員が入社★1年目で月収40万円可能
[log: 2021-07-14-20-07-24] 524件目成功 : 株式会社トラスト | 《 残業少なめ！ 》家づくりの”土台”となる基礎工事を担う！
[log: 2021-07-14-20-07-24] 525件目成功 : 丸富運輸有限会社 | 免許取得は入社後でOK/社員寮有/ローソン部積極採用/電話問合OK
[log: 2021-07-14-20-07-24] 526件目成功 : 札幌北交ハイヤー株式会社 | 免許取得～独り立ち後まで全面サポート／経験者はしっかり稼げる
[log: 2021-07-14-20-07-24] 527件目成功 : ウッドホーム株式会社 | ◎LIXILグループ「アイフルホーム」加盟店 ◎月給40万円～も可能
[log: 2021-07-14-20-07-25] 528件目成功 : 株式会社富士鳩急送 | ◆賞与年2回 　◆転勤なし！ ◆月収40万円も可能です！！
[log: 2021-07-14-20-07-25] 529件目成功 : ラッキー自動車株式会社 | 【 配属後6ヶ月は月給25万円の給与保障 】勤務スタイルを選べる
[log: 2021-07-14-20-07-25] 530件目成功 : 株式会社全国健康センター | 創業50余年！安定した企業で、これまでの経験を活かしませんか？
[log: 2021-07-14-20-07-25] 531件目成功 : 中山信幸税理士事務所 | 北浦和駅より徒歩4分の好立地＊3年間退職者なし＊基本土日休み
[log: 2021-07-14-20-07-25] 532件目成功 : 富士防災警備株式会社 | FUJI DR SECURITY Co. ,LTD.　◆月8～9日休み ◆退職金制度あり
[log: 2021-07-14-20-07-25] 533件目成功 : 株式会社赤ちゃん本舗 | 設立89年／【セブン＆アイ・ホールディングス】グループ
[log: 2021-07-14-20-07-25] 534件目成功 : 株式会社大平基礎 | 17時には工事終了。残業少なめで月収26万円以上も目指せます！
[log: 2021-07-14-20-07-26] 535件目成功 : グローバルハウジング株式会社 | 6月に横浜支店OPEN★「GLOBAL HOLDINGS GROUP」のグループ企業
[log: 2021-07-14-20-07-26] 536件目成功 : 株式会社全国健康センター | 創業50余年！安定した企業で、これまでの経験を活かしませんか？
[log: 2021-07-14-20-07-26] 537件目成功 : 株式会社アイプロホールディングス | ◆残業月20h以内/営業中央値年収約741万円/有給消化率85％
[log: 2021-07-14-20-07-26] 538件目成功 : ONODA株式会社 | ★皇居を望む見晴らし抜群のオフィス！★週休2日制（土・日）
[log: 2021-07-14-20-07-26] 539件目成功 : リコーテック株式会社 | ＼女性のおしごと掲載中♪／★転勤ナシ★昼食手当・職能手当あり
[log: 2021-07-14-20-07-26] 540件目成功 : 株式会社カワテ | 【設立36年目、安定成長を続ける企業！多種類の機械を保有！】
[log: 2021-07-14-20-07-26] 541件目成功 : 株式会社札幌解体建設 | 転勤なし／電話問い合わせもOK！ ⇒ TEL／011-865-6060
[log: 2021-07-14-20-07-26] 542件目成功 : 株式会社グロリアース | ★転職回数・マネジメント不問　★業績好調！環境事業で成長中
[log: 2021-07-14-20-07-26] 543件目成功 : 若松建設株式会社 | 広島勤務／転勤なし／賞与年3回／未経験からの育成実績多数
[log: 2021-07-14-20-07-26] 544件目成功 : 中部工業株式会社 | 福利厚生もかなり手厚い◎家族手当,資格手当,資格取得支援など◎
[log: 2021-07-14-20-07-27] 545件目成功 : 株式会社エムイーシー | 創立43年を越える生コンプラントに特化したエンジニアリング会社
[log: 2021-07-14-20-07-27] 546件目成功 : 武田塾 大和八木校 | 【大和八木校、五位堂校】完全週休2日制、残業ほぼなし
[log: 2021-07-14-20-07-27] 547件目成功 : 南部運輸株式会社 | 【 1年目で月収45万円も可 】基本週休2日(土日)／年間休日121日
[log: 2021-07-14-20-07-27] 548件目成功 : 新日本リース株式会社 | 新日本グループの安定性あり◆経験を活かし腰を据えて働ける！
[log: 2021-07-14-20-07-33] 549件目成功 : ナカシン株式会社 | 創業60年以上の老舗企業｜皮革製品の生産｜45年連続賞与支給
[log: 2021-07-14-20-07-33] 550件目成功 : 梅田運輸倉庫株式会社 | 【大阪府緊急雇用対策に賛同】大手企業と多数契約を結ぶ老舗企業
[log: 2021-07-14-20-07-34] 551件目成功 : 株式会社ライフスタイル | ★祝い金10万円プレゼント！レンタル車両あり★未経験歓迎
[log: 2021-07-14-20-07-34] 552件目成功 : 環協株式会社 | 業績好調に伴い、増員募集中！◆月収例⇒30万円／入社3ヶ月目
[log: 2021-07-14-20-07-34] 553件目成功 : 大東建託株式会社 | 《東証一部上場》業界トップクラスの実績★業界・職種経験不問！
[log: 2021-07-14-20-07-34] 554件目成功 : 株式会社鶴電工業 | 大型風力発電所や大規模メガソーラーの建設に携わる全国有数企業
[log: 2021-07-14-20-07-34] 555件目成功 : 株式会社ONE | 未経験のあなたも月給30万円以上！／大阪府緊急雇用対策に賛同
[log: 2021-07-14-20-07-34] 556件目成功 : 鹿児島第一交通株式会社 | ★★電話問い合わせでもよかど／TEL:099-286-5200★★
[log: 2021-07-14-20-07-34] 557件目成功 : 有限会社Coo＆RIKU | 大阪府緊急雇用対策に賛同／全国200店舗以上展開中の業界大手！
[log: 2021-07-14-20-07-34] 558件目成功 : 株式会社サンテックインターナショナル | ≪官公庁・自治体案件で安定≫年休120日★創業55年◎残業20時間
[log: 2021-07-14-20-07-34] 559件目成功 : 株式会社プロロ | 《積極面接》★希望しない転勤なし！★寮・借り上げ社宅も応相談
[log: 2021-07-14-20-07-35] 560件目成功 : 岩崎エアーテック株式会社 | 水と空気を浄化する機械の販売商社 / 月収100万円も可能！
[log: 2021-07-14-20-07-35] 561件目成功 : グローバルハウジング株式会社 | 《6月20日横浜支店OPEN！》未経験でも月給30万円以上
[log: 2021-07-14-20-07-35] 562件目成功 : 住井運輸株式会社 | 条件を満たす応募者全員と面接確約/若手積極採用/完全週休2日制
[log: 2021-07-14-20-07-35] 563件目成功 : 株式会社ジェイエムエー | 採用祝い金あり/前払いOK/レンタル車あり☆応募者全員面接◎
[log: 2021-07-14-20-07-35] 564件目成功 : ジャパンスマイルエナジー株式会社 | 長野支店　転勤なし／入社後充実の研修あり／残業ほぼなし
[log: 2021-07-14-20-07-35] 565件目成功 : 株式会社ディーライン | ☆週休2日制／土日休み／賞与年2回／手当充実☆
[log: 2021-07-14-20-07-35] 566件目成功 : 株式会社ネクスト・トライ | 残業ほぼなし&週休2日制★
[log: 2021-07-14-20-07-35] 567件目成功 : 株式会社シンワ | 日曜固定休み＆長期連休も取得OK！資格取得支援や手当も充実！
[log: 2021-07-14-20-07-35] 568件目成功 : アサヒ鐵鋼販売株式会社 | 【完全週休2～3日のレア求人】★14時退社OK！勤務スタイル応相談
[log: 2021-07-14-20-07-35] 569件目成功 : グローバルイズム株式会社 | 「マイナビ転職」「マイナビバイト」など…取り扱い媒体多数！
[log: 2021-07-14-20-07-36] 570件目成功 : 株式会社GLOBAL BEAUTY | 《完全週休2日》7月中旬、3店舗同時オープンにつき積極募集
[log: 2021-07-14-20-07-36] 571件目成功 : 株式会社ケー・イー・シー | ■社宅・引越し補助有■環境保全のためコロナの影響が少なく安定
[log: 2021-07-14-20-07-36] 572件目成功 : 株式会社ＳＨＥＥＰＬＡＮＮＥＲ | ★CMでお馴染み「ピタットハウス」
[log: 2021-07-14-20-07-36] 573件目成功 : 有限会社日詰電業 | ◆27歳で年収700万円の先輩も！◆応募条件に該当する方全員面接
[log: 2021-07-14-20-07-36] 574件目成功 : 株式会社ヒノマル架設 | ★土日祝休みも、高年収も可！　★自分の生活リズムで働ける！
[log: 2021-07-14-20-07-36] 575件目成功 : 株式会社近畿道路資材 | ◎WEB面接可◎―イノベーションで地球を守る―総合環境整備企業
[log: 2021-07-14-20-07-36] 576件目成功 : 株式会社Vヴィズリア | ★年休125日超★土日祝休み★高インセンで稼げる★未経験OK
[log: 2021-07-14-20-07-36] 577件目成功 : トラスティーズ・アドバイザリー株式会社 | 大手上場グループのフィナンシャルアドバイザリー等を手掛ける
[log: 2021-07-14-20-07-36] 578件目成功 : 東建コーポレーション株式会社 | ■エリア勤務でも高収入！■上場企業で安心の将来を
[log: 2021-07-14-20-07-36] 579件目成功 : 東建コーポレーション株式会社 | エリア勤務でも高収入、地元で安心できる生活を手に入れよう！
[log: 2021-07-14-20-07-37] 580件目成功 : 東建コーポレーション株式会社 | ■エリア勤務でも高収入！■上場企業で安心の将来を
[log: 2021-07-14-20-07-37] 581件目成功 : 東建コーポレーション株式会社 | ■エリア勤務でも高収入！■上場企業で安心の将来を
[log: 2021-07-14-20-07-37] 582件目成功 : 東建コーポレーション株式会社 | ■エリア勤務でも高収入！■上場企業で安心の将来を
[log: 2021-07-14-20-07-37] 583件目成功 : 東建コーポレーション株式会社 | ■エリア勤務でも高収入！■上場企業で安心の将来を
[log: 2021-07-14-20-07-37] 584件目成功 : 東建コーポレーション株式会社 | ■エリア勤務でも高収入！■上場企業で安心の将来を
[log: 2021-07-14-20-07-37] 585件目成功 : 株式会社丸松ササキ工業 | ★旭川に根付いて30年 ★毎年受注が増加している堅実な経営
[log: 2021-07-14-20-07-37] 586件目成功 : 東建コーポレーション株式会社 | ■エリア勤務でも高収入！■上場企業で安心の将来を
[log: 2021-07-14-20-07-37] 587件目成功 : 東建コーポレーション株式会社 | ■エリア勤務でも高収入！■上場企業で安心の将来を
[log: 2021-07-14-20-07-38] 588件目成功 : 東建コーポレーション株式会社 | ■エリア勤務でも高収入！■上場企業で安心の将来を
[log: 2021-07-14-20-07-38] 589件目成功 : 東建コーポレーション株式会社 | ■エリア勤務でも高収入！■上場企業で安心の将来を
[log: 2021-07-14-20-07-38] 590件目成功 : 東建コーポレーション株式会社 | ■エリア勤務でも高収入！■上場企業で安心の将来を
[log: 2021-07-14-20-07-38] 591件目成功 : 東建コーポレーション株式会社 | ■エリア勤務でも高収入！■上場企業で安心の将来を
[log: 2021-07-14-20-07-38] 592件目成功 : 日研トータルソーシング株式会社 | 【売上931億円】年休最大160日・7/25転職フェア＠島根出展
[log: 2021-07-14-20-07-38] 593件目成功 : 東建コーポレーション株式会社 | ■エリア勤務でも高収入！■上場企業で安心の将来を
[log: 2021-07-14-20-07-38] 594件目成功 : 東建コーポレーション株式会社 | ■エリア勤務でも高収入！■上場企業で安心の将来を
[log: 2021-07-14-20-07-39] 595件目成功 : 東建コーポレーション株式会社 | ■エリア勤務でも高収入！■上場企業で安心の将来を
[log: 2021-07-14-20-07-39] 596件目成功 : 株式会社丸松ササキ工業 | ★旭川に根付いて30年 ★毎年受注が増加している堅実な経営
[log: 2021-07-14-20-07-39] 597件目成功 : 東建コーポレーション株式会社 | ■エリア勤務でも高収入！■上場企業で安心の将来を
[log: 2021-07-14-20-07-39] 598件目成功 : 東建コーポレーション株式会社 | ■エリア勤務でも高収入！■上場企業で安心の将来を
[log: 2021-07-14-20-07-45] 599件目成功 : パントスジャパン株式会社 | ≪LGグループ≫ ★年間休日120日以上 ★残業月平均20H程度
[log: 2021-07-14-20-07-45] 600件目成功 : くにうみＡＩ証券株式会社 | ★くにうみアセットマネジメントグループ
[log: 2021-07-14-20-07-45] 601件目成功 : 株式会社フェイスネットワーク | 【東証一部上場企業】業績拡大中★高収入を目指せる環境★
[log: 2021-07-14-20-07-45] 602件目成功 : 株式会社タクマ | 【東証一部上場】環境保全・エネルギープラントのパイオニア企業
[log: 2021-07-14-20-07-46] 603件目成功 : 株式会社タクマ | 【東証一部上場】環境保全・エネルギープラントのパイオニア企業
[log: 2021-07-14-20-07-46] 604件目成功 : 株式会社タクマ | 【東証一部上場】環境保全・エネルギープラントのパイオニア企業
[log: 2021-07-14-20-07-46] 605件目成功 : 株式会社タクマ | 【東証一部上場】環境保全・エネルギープラントのパイオニア企業
[log: 2021-07-14-20-07-46] 606件目成功 : 株式会社タクマ | 【東証一部上場】環境保全・エネルギープラントのパイオニア企業
[log: 2021-07-14-20-07-46] 607件目成功 : 株式会社タクマ | 【東証一部上場】環境保全・エネルギープラントのパイオニア企業
[log: 2021-07-14-20-07-46] 608件目成功 : 株式会社タクマ | 【東証一部上場】環境保全・エネルギープラントのパイオニア企業
[log: 2021-07-14-20-07-46] 609件目成功 : 株式会社ミヨマル | △□○ 創業50年の安定企業 未経験からパーティション施工プロへ
[log: 2021-07-14-20-07-46] 610件目成功 : 日本メディカル株式会社 | 医療総合コンサルティング企業として厚い信頼を獲得！
[log: 2021-07-14-20-07-47] 611件目成功 : 株式会社総合資格 | 【 建築・不動産に特化した資格学校を運営 】賞与実績4.8ヶ月分
[log: 2021-07-14-20-07-47] 612件目成功 : 株式会社総合資格 | 【 建築・不動産に特化した資格学校を運営 】賞与実績4.8ヶ月分
[log: 2021-07-14-20-07-47] 613件目成功 : 株式会社グライブ | ★年間参加者5000名超の女性向けマネーセミナーを開催！
[log: 2021-07-14-20-07-47] 614件目成功 : 株式会社バーンフュージョン | 国家資格取得の費用もサポート!※TEL問合わせ可⇒0800-800-4089
[log: 2021-07-14-20-07-47] 615件目成功 : 株式会社パーフェクション | 稼げる人事制度＆誰でもスキルアップ可能なマニュアル完全完備！
[log: 2021-07-14-20-07-47] 616件目成功 : 株式会社ディーエムエージェンシー | 6/26（大阪）のマイナビ転職フェアに出展！
[log: 2021-07-14-20-07-47] 617件目成功 : 株式会社木村土建 | 【創業91年】企業基盤の安定力抜群！応募者は全員面接します！
[log: 2021-07-14-20-07-47] 618件目成功 : 株式会社ア・ビュー | 〈 対象者全員面接 〉少しでも興味あれば応募してください♪
[log: 2021-07-14-20-07-48] 619件目成功 : 静岡日産自動車株式会社 | ★WEB面談可能★内定付与まで最短2週間 ※10/1入社まで
[log: 2021-07-14-20-07-48] 620件目成功 : 株式会社パーフェクション | 【営業なし！残業なし！ノルマなし！】制度&福利厚生も充実！
[log: 2021-07-14-20-07-48] 621件目成功 : 株式会社サンキホーム | 2019年度リフォーム工事件数735件【大阪府緊急雇用対策に賛同】
[log: 2021-07-14-20-07-48] 622件目成功 : 株式会社アイエスエフネット | 【大阪府緊急雇用対策に賛同】★インセンMAX60％/69％が毎年昇給
[log: 2021-07-14-20-07-48] 623件目成功 : 千葉グランディハウス株式会社 | 【東証一部上場】6/26(土)マイナビ転職フェア(千葉)に参加予定
[log: 2021-07-14-20-07-48] 624件目成功 : 株式会社美雪興業 | 地域密着で、コロナの影響もほとんどなしの安定企業！
[log: 2021-07-14-20-07-48] 625件目成功 : 株式会社エクススタッフ | ★入社3ヶ月目の95％が月収例33万円～★6/26(土)大阪フェア出展
[log: 2021-07-14-20-07-48] 626件目成功 : 生和コーポレーション株式会社 | 【大阪府緊急雇用対策に賛同】入社2年目で年収1000万円の社員も
[log: 2021-07-14-20-07-49] 627件目成功 : 株式会社バンブーフィールド | 8～12日の長期休暇あり／完全週休2日／残業少なめ
[log: 2021-07-14-20-07-49] 628件目成功 : 株式会社YES | ◆年休125日(土日祝)◆残業月30h以内◆メリハリをつけて働ける！
[log: 2021-07-14-20-07-49] 629件目成功 : 株式会社福岡技建工業 | ◎高収入を実現可能《 固定給＋歩合制 》/完全週休2日制(土日祝)
[log: 2021-07-14-20-07-49] 630件目成功 : 平松電気工事株式会社 | 大規模案件多数！電気工事関連資格の保有者は優遇します！
[log: 2021-07-14-20-07-49] 631件目成功 : 株式会社當木工事 | ◆創業50年の老舗企業◆高収入・厚い待遇をご用意しています！
[log: 2021-07-14-20-07-50] 最終ページです、終了します
